#
# There is insufficient memory for the Java Runtime Environment to continue.
# Native memory allocation (malloc) failed to allocate 709456 bytes for Chunk::new
# Possible reasons:
#   The system is out of physical RAM or swap space
#   The process is running with CompressedOops enabled, and the Java Heap may be blocking the growth of the native heap
# Possible solutions:
#   Reduce memory load on the system
#   Increase physical memory or swap space
#   Check if swap backing store is full
#   Decrease Java heap size (-Xmx/-Xms)
#   Decrease number of Java threads
#   Decrease Java thread stack sizes (-Xss)
#   Set larger code cache with -XX:ReservedCodeCacheSize=
#   JVM is running with Unscaled Compressed Oops mode in which the Java heap is
#     placed in the first 4GB address space. The Java Heap base address is the
#     maximum limit for the native heap growth. Please use -XX:HeapBaseMinAddress
#     to set the Java Heap base and to place the Java Heap above 4GB virtual address.
# This output file may be truncated or incomplete.
#
#  Out of Memory Error (allocation.cpp:389), pid=3332, tid=0x0000000000001cb4
#
# JRE version: OpenJDK Runtime Environment (8.0_202-b03) (build 1.8.0_202-release-1483-b03)
# Java VM: OpenJDK 64-Bit Server VM (25.202-b03 mixed mode windows-amd64 compressed oops)
# Failed to write core dump. Minidumps are not enabled by default on client versions of Windows
#

---------------  T H R E A D  ---------------

Current thread (0x0000000016137000):  JavaThread "C2 CompilerThread0" daemon [_thread_in_native, id=7348, stack(0x0000000017790000,0x0000000017890000)]

Stack: [0x0000000017790000,0x0000000017890000]
[error occurred during error reporting (printing stack bounds), id 0xc0000005]

Native frames: (J=compiled Java code, j=interpreted, Vv=VM code, C=native code)


Current CompileTask:
C2:  55465 3800   !   4       com.sun.beans.TypeResolver::resolve (274 bytes)


---------------  P R O C E S S  ---------------

Java Threads: ( => current thread )
  0x000000001dac4000 JavaThread "Cache worker for Build Output Cleanup Cache (C:\Users\alros\AndroidStudioProjects\Watchme2\.gradle\buildOutputCleanup)" [_thread_blocked, id=3064, stack(0x0000000020d50000,0x0000000020e50000)]
  0x000000001dac0800 JavaThread "Build operations Thread 4" [_thread_blocked, id=6832, stack(0x0000000020850000,0x0000000020950000)]
  0x000000001dac3800 JavaThread "Build operations Thread 3" [_thread_blocked, id=4720, stack(0x0000000020750000,0x0000000020850000)]
  0x000000001dac6800 JavaThread "Build operations Thread 2" [_thread_blocked, id=3564, stack(0x0000000020450000,0x0000000020550000)]
  0x000000001dac7000 JavaThread "Build operations" [_thread_blocked, id=288, stack(0x0000000020350000,0x0000000020450000)]
  0x000000001dac2000 JavaThread "Cache worker for execution history cache (C:\Users\alros\.gradle\caches\5.1.1\executionHistory)" [_thread_blocked, id=1856, stack(0x000000001fc80000,0x000000001fd80000)]
  0x00000000186e8800 JavaThread "Cache worker for cache directory md-rule (C:\Users\alros\.gradle\caches\5.1.1\md-rule)" [_thread_blocked, id=7068, stack(0x000000001fb80000,0x000000001fc80000)]
  0x00000000186e7800 JavaThread "Cache worker for cache directory md-supplier (C:\Users\alros\.gradle\caches\5.1.1\md-supplier)" [_thread_blocked, id=2632, stack(0x000000001e450000,0x000000001e550000)]
  0x00000000186e9000 JavaThread "Cache worker for file hash cache (C:\Users\alros\AndroidStudioProjects\Watchme2\.gradle\5.1.1\fileHashes)" [_thread_blocked, id=4640, stack(0x000000001de50000,0x000000001df50000)]
  0x00000000186e4800 JavaThread "Cache worker for journal cache (C:\Users\alros\.gradle\caches\journal-1)" [_thread_blocked, id=6112, stack(0x000000001abe0000,0x000000001ace0000)]
  0x0000000018fdb000 JavaThread "File lock request listener" [_thread_in_native, id=6148, stack(0x000000001aae0000,0x000000001abe0000)]
  0x000000001861c000 JavaThread "Cache worker for file hash cache (C:\Users\alros\.gradle\caches\5.1.1\fileHashes)" [_thread_blocked, id=7972, stack(0x000000001a9e0000,0x000000001aae0000)]
  0x0000000018eb1800 JavaThread "Thread-8" [_thread_blocked, id=720, stack(0x000000001a8e0000,0x000000001a9e0000)]
  0x0000000018eb1000 JavaThread "Stdin handler" [_thread_blocked, id=1860, stack(0x000000001a7e0000,0x000000001a8e0000)]
  0x0000000018eb0000 JavaThread "Asynchronous log dispatcher for DefaultDaemonConnection: socket connection from /127.0.0.1:50832 to /127.0.0.1:50833" [_thread_blocked, id=272, stack(0x000000001a6e0000,0x000000001a7e0000)]
  0x0000000018fe4000 JavaThread "Daemon worker" [_thread_in_vm, id=7324, stack(0x000000001a5e0000,0x000000001a6e0000)]
  0x0000000018f51800 JavaThread "Cancel handler" [_thread_blocked, id=4288, stack(0x000000001a4e0000,0x000000001a5e0000)]
  0x0000000018d80800 JavaThread "Handler for socket connection from /127.0.0.1:50832 to /127.0.0.1:50833" [_thread_in_native, id=2368, stack(0x000000001a1e0000,0x000000001a2e0000)]
  0x000000001897b000 JavaThread "Daemon" [_thread_blocked, id=5232, stack(0x000000001a0e0000,0x000000001a1e0000)]
  0x0000000018978800 JavaThread "Daemon periodic checks" [_thread_blocked, id=6692, stack(0x0000000019fe0000,0x000000001a0e0000)]
  0x00000000184fd800 JavaThread "Incoming local TCP Connector on port 50832" [_thread_in_native, id=448, stack(0x0000000019da0000,0x0000000019ea0000)]
  0x0000000017a95000 JavaThread "Service Thread" daemon [_thread_blocked, id=3396, stack(0x0000000017e90000,0x0000000017f90000)]
  0x0000000016133000 JavaThread "C1 CompilerThread2" daemon [_thread_blocked, id=4660, stack(0x0000000017990000,0x0000000017a90000)]
  0x000000001612a800 JavaThread "C2 CompilerThread1" daemon [_thread_in_native, id=9148, stack(0x0000000017890000,0x0000000017990000)]
=>0x0000000016137000 JavaThread "C2 CompilerThread0" daemon [_thread_in_native, id=7348, stack(0x0000000017790000,0x0000000017890000)]
  0x0000000016136000 JavaThread "Attach Listener" daemon [_thread_blocked, id=8624, stack(0x0000000017690000,0x0000000017790000)]
  0x0000000016134800 JavaThread "Signal Dispatcher" daemon [_thread_blocked, id=9164, stack(0x0000000017590000,0x0000000017690000)]
  0x00000000027bb000 JavaThread "Finalizer" daemon [_thread_blocked, id=8840, stack(0x0000000017390000,0x0000000017490000)]
  0x0000000016119000 JavaThread "Reference Handler" daemon [_thread_blocked, id=1648, stack(0x0000000017290000,0x0000000017390000)]
  0x000000000095e000 JavaThread "main" [_thread_blocked, id=5284, stack(0x00000000025c0000,0x00000000026c0000)]

Other Threads:
  0x00000000160f7800 VMThread [stack: 0x0000000017190000,0x0000000017290000] [id=8880]
  0x0000000017a99800 WatcherThread [stack: 0x0000000017f90000,0x0000000018090000] [id=3972]

VM state:not at safepoint (normal execution)

VM Mutex/Monitor currently owned by a thread: None

heap address: 0x00000000a0000000, size: 1536 MB, Compressed Oops mode: 32-bit
Narrow klass base: 0x0000000000000000, Narrow klass shift: 3
Compressed class space size: 1073741824 Address: 0x0000000100000000

Heap:
 PSYoungGen      total 183296K, used 116792K [0x00000000e0000000, 0x00000000ed500000, 0x0000000100000000)
  eden space 171008K, 68% used [0x00000000e0000000,0x00000000e720e348,0x00000000ea700000)
  from space 12288K, 0% used [0x00000000ebd00000,0x00000000ebd00000,0x00000000ec900000)
  to   space 10752K, 0% used [0x00000000eca80000,0x00000000eca80000,0x00000000ed500000)
 ParOldGen       total 46592K, used 20197K [0x00000000a0000000, 0x00000000a2d80000, 0x00000000e0000000)
  object space 46592K, 43% used [0x00000000a0000000,0x00000000a13b9510,0x00000000a2d80000)
 Metaspace       used 45032K, capacity 45980K, committed 46296K, reserved 1089536K
  class space    used 6079K, capacity 6357K, committed 6400K, reserved 1048576K

Card table byte_map: [0x0000000011b80000,0x0000000011e90000] byte_map_base: 0x0000000011680000

Marking Bits: (ParMarkBitMap*) 0x000000006ebe9f30
 Begin Bits: [0x0000000012490000, 0x0000000013c90000)
 End Bits:   [0x0000000013c90000, 0x0000000015490000)

Polling page: 0x00000000005f0000

CodeCache: size=245760Kb used=13039Kb max_used=13039Kb free=232720Kb
 bounds [0x00000000027c0000, 0x0000000003490000, 0x00000000117c0000]
 total_blobs=4416 nmethods=3661 adapters=669
 compilation: enabled

Compilation events (10 events):
Event: 55.418 Thread 0x0000000016133000 3865       1       sun.nio.fs.WindowsException::lastError (5 bytes)
Event: 55.419 Thread 0x0000000016133000 nmethod 3865 0x0000000003481b10 code [0x0000000003481c60, 0x0000000003481d70]
Event: 55.433 Thread 0x0000000016133000 3867       3       java.lang.invoke.LambdaForm$MH/1653097029::linkToTargetMethod (8 bytes)
Event: 55.434 Thread 0x0000000016133000 nmethod 3867 0x0000000003482190 code [0x0000000003482300, 0x00000000034826b8]
Event: 55.434 Thread 0x0000000016133000 3868       3       java.lang.invoke.LambdaForm$MH/571121283::identity_L (8 bytes)
Event: 55.434 Thread 0x0000000016133000 nmethod 3868 0x0000000003482790 code [0x0000000003482900, 0x0000000003482b90]
Event: 55.445 Thread 0x0000000016133000 3869       3       sun.nio.fs.WindowsPath::toWindowsPath (32 bytes)
Event: 55.445 Thread 0x0000000016133000 nmethod 3869 0x0000000003482c50 code [0x0000000003482de0, 0x0000000003483298]
Event: 55.451 Thread 0x0000000016133000 3871       1       java.util.stream.AbstractPipeline::getStreamAndOpFlags (5 bytes)
Event: 55.452 Thread 0x0000000016133000 nmethod 3871 0x0000000003483790 code [0x00000000034838e0, 0x00000000034839f0]

GC Heap History (10 events):
Event: 38.586 GC heap before
{Heap before GC invocations=5 (full 0):
 PSYoungGen      total 101888K, used 30112K [0x00000000e0000000, 0x00000000e6700000, 0x0000000100000000)
  eden space 98304K, 27% used [0x00000000e0000000,0x00000000e19ec138,0x00000000e6000000)
  from space 3584K, 99% used [0x00000000e6380000,0x00000000e66fc030,0x00000000e6700000)
  to   space 3584K, 0% used [0x00000000e6000000,0x00000000e6000000,0x00000000e6380000)
 ParOldGen       total 64512K, used 9829K [0x00000000a0000000, 0x00000000a3f00000, 0x00000000e0000000)
  object space 64512K, 15% used [0x00000000a0000000,0x00000000a0999638,0x00000000a3f00000)
 Metaspace       used 20750K, capacity 21072K, committed 21248K, reserved 1067008K
  class space    used 2864K, capacity 3030K, committed 3072K, reserved 1048576K
Event: 38.642 GC heap after
Heap after GC invocations=5 (full 0):
 PSYoungGen      total 101888K, used 3556K [0x00000000e0000000, 0x00000000ed500000, 0x0000000100000000)
  eden space 98304K, 0% used [0x00000000e0000000,0x00000000e0000000,0x00000000e6000000)
  from space 3584K, 99% used [0x00000000e6000000,0x00000000e6379050,0x00000000e6380000)
  to   space 10752K, 0% used [0x00000000eca80000,0x00000000eca80000,0x00000000ed500000)
 ParOldGen       total 64512K, used 13275K [0x00000000a0000000, 0x00000000a3f00000, 0x00000000e0000000)
  object space 64512K, 20% used [0x00000000a0000000,0x00000000a0cf6db8,0x00000000a3f00000)
 Metaspace       used 20750K, capacity 21072K, committed 21248K, reserved 1067008K
  class space    used 2864K, capacity 3030K, committed 3072K, reserved 1048576K
}
Event: 38.642 GC heap before
{Heap before GC invocations=6 (full 1):
 PSYoungGen      total 101888K, used 3556K [0x00000000e0000000, 0x00000000ed500000, 0x0000000100000000)
  eden space 98304K, 0% used [0x00000000e0000000,0x00000000e0000000,0x00000000e6000000)
  from space 3584K, 99% used [0x00000000e6000000,0x00000000e6379050,0x00000000e6380000)
  to   space 10752K, 0% used [0x00000000eca80000,0x00000000eca80000,0x00000000ed500000)
 ParOldGen       total 64512K, used 13275K [0x00000000a0000000, 0x00000000a3f00000, 0x00000000e0000000)
  object space 64512K, 20% used [0x00000000a0000000,0x00000000a0cf6db8,0x00000000a3f00000)
 Metaspace       used 20750K, capacity 21072K, committed 21248K, reserved 1067008K
  class space    used 2864K, capacity 3030K, committed 3072K, reserved 1048576K
Event: 38.809 GC heap after
Heap after GC invocations=6 (full 1):
 PSYoungGen      total 101888K, used 0K [0x00000000e0000000, 0x00000000ed500000, 0x0000000100000000)
  eden space 98304K, 0% used [0x00000000e0000000,0x00000000e0000000,0x00000000e6000000)
  from space 3584K, 0% used [0x00000000e6000000,0x00000000e6000000,0x00000000e6380000)
  to   space 10752K, 0% used [0x00000000eca80000,0x00000000eca80000,0x00000000ed500000)
 ParOldGen       total 46592K, used 8967K [0x00000000a0000000, 0x00000000a2d80000, 0x00000000e0000000)
  object space 46592K, 19% used [0x00000000a0000000,0x00000000a08c1fa8,0x00000000a2d80000)
 Metaspace       used 20750K, capacity 21072K, committed 21248K, reserved 1067008K
  class space    used 2864K, capacity 3030K, committed 3072K, reserved 1048576K
}
Event: 44.711 GC heap before
{Heap before GC invocations=7 (full 1):
 PSYoungGen      total 101888K, used 98304K [0x00000000e0000000, 0x00000000ed500000, 0x0000000100000000)
  eden space 98304K, 100% used [0x00000000e0000000,0x00000000e6000000,0x00000000e6000000)
  from space 3584K, 0% used [0x00000000e6000000,0x00000000e6000000,0x00000000e6380000)
  to   space 10752K, 0% used [0x00000000eca80000,0x00000000eca80000,0x00000000ed500000)
 ParOldGen       total 46592K, used 8967K [0x00000000a0000000, 0x00000000a2d80000, 0x00000000e0000000)
  object space 46592K, 19% used [0x00000000a0000000,0x00000000a08c1fa8,0x00000000a2d80000)
 Metaspace       used 29649K, capacity 30114K, committed 30336K, reserved 1075200K
  class space    used 4017K, capacity 4178K, committed 4224K, reserved 1048576K
Event: 44.756 GC heap after
Heap after GC invocations=7 (full 1):
 PSYoungGen      total 181760K, used 10345K [0x00000000e0000000, 0x00000000ed500000, 0x0000000100000000)
  eden space 171008K, 0% used [0x00000000e0000000,0x00000000e0000000,0x00000000ea700000)
  from space 10752K, 96% used [0x00000000eca80000,0x00000000ed49a578,0x00000000ed500000)
  to   space 12288K, 0% used [0x00000000ebd00000,0x00000000ebd00000,0x00000000ec900000)
 ParOldGen       total 46592K, used 8975K [0x00000000a0000000, 0x00000000a2d80000, 0x00000000e0000000)
  object space 46592K, 19% used [0x00000000a0000000,0x00000000a08c3fa8,0x00000000a2d80000)
 Metaspace       used 29649K, capacity 30114K, committed 30336K, reserved 1075200K
  class space    used 4017K, capacity 4178K, committed 4224K, reserved 1048576K
}
Event: 50.029 GC heap before
{Heap before GC invocations=8 (full 1):
 PSYoungGen      total 181760K, used 103952K [0x00000000e0000000, 0x00000000ed500000, 0x0000000100000000)
  eden space 171008K, 54% used [0x00000000e0000000,0x00000000e5b69ba0,0x00000000ea700000)
  from space 10752K, 96% used [0x00000000eca80000,0x00000000ed49a578,0x00000000ed500000)
  to   space 12288K, 0% used [0x00000000ebd00000,0x00000000ebd00000,0x00000000ec900000)
 ParOldGen       total 46592K, used 8975K [0x00000000a0000000, 0x00000000a2d80000, 0x00000000e0000000)
  object space 46592K, 19% used [0x00000000a0000000,0x00000000a08c3fa8,0x00000000a2d80000)
 Metaspace       used 34480K, capacity 35162K, committed 35416K, reserved 1079296K
  class space    used 4750K, capacity 4968K, committed 4992K, reserved 1048576K
Event: 50.102 GC heap after
Heap after GC invocations=8 (full 1):
 PSYoungGen      total 183296K, used 12261K [0x00000000e0000000, 0x00000000ed500000, 0x0000000100000000)
  eden space 171008K, 0% used [0x00000000e0000000,0x00000000e0000000,0x00000000ea700000)
  from space 12288K, 99% used [0x00000000ebd00000,0x00000000ec8f94a8,0x00000000ec900000)
  to   space 10752K, 0% used [0x00000000eca80000,0x00000000eca80000,0x00000000ed500000)
 ParOldGen       total 46592K, used 10486K [0x00000000a0000000, 0x00000000a2d80000, 0x00000000e0000000)
  object space 46592K, 22% used [0x00000000a0000000,0x00000000a0a3db20,0x00000000a2d80000)
 Metaspace       used 34480K, capacity 35162K, committed 35416K, reserved 1079296K
  class space    used 4750K, capacity 4968K, committed 4992K, reserved 1048576K
}
Event: 50.102 GC heap before
{Heap before GC invocations=9 (full 2):
 PSYoungGen      total 183296K, used 12261K [0x00000000e0000000, 0x00000000ed500000, 0x0000000100000000)
  eden space 171008K, 0% used [0x00000000e0000000,0x00000000e0000000,0x00000000ea700000)
  from space 12288K, 99% used [0x00000000ebd00000,0x00000000ec8f94a8,0x00000000ec900000)
  to   space 10752K, 0% used [0x00000000eca80000,0x00000000eca80000,0x00000000ed500000)
 ParOldGen       total 46592K, used 10486K [0x00000000a0000000, 0x00000000a2d80000, 0x00000000e0000000)
  object space 46592K, 22% used [0x00000000a0000000,0x00000000a0a3db20,0x00000000a2d80000)
 Metaspace       used 34480K, capacity 35162K, committed 35416K, reserved 1079296K
  class space    used 4750K, capacity 4968K, committed 4992K, reserved 1048576K
Event: 50.587 GC heap after
Heap after GC invocations=9 (full 2):
 PSYoungGen      total 183296K, used 0K [0x00000000e0000000, 0x00000000ed500000, 0x0000000100000000)
  eden space 171008K, 0% used [0x00000000e0000000,0x00000000e0000000,0x00000000ea700000)
  from space 12288K, 0% used [0x00000000ebd00000,0x00000000ebd00000,0x00000000ec900000)
  to   space 10752K, 0% used [0x00000000eca80000,0x00000000eca80000,0x00000000ed500000)
 ParOldGen       total 46592K, used 20197K [0x00000000a0000000, 0x00000000a2d80000, 0x00000000e0000000)
  object space 46592K, 43% used [0x00000000a0000000,0x00000000a13b9510,0x00000000a2d80000)
 Metaspace       used 34469K, capacity 35126K, committed 35416K, reserved 1079296K
  class space    used 4747K, capacity 4962K, committed 4992K, reserved 1048576K
}

Deoptimization events (10 events):
Event: 52.455 Thread 0x0000000018fe4000 Uncommon trap: reason=unstable_if action=reinterpret pc=0x0000000002923a7c method=java.lang.CharacterDataLatin1.isWhitespace(I)Z @ 14
Event: 52.682 Thread 0x0000000018fe4000 Uncommon trap: reason=unstable_if action=reinterpret pc=0x00000000031d6780 method=java.util.jar.JarFile.maybeInstantiateVerifier()V @ 4
Event: 52.687 Thread 0x0000000018fe4000 Uncommon trap: reason=unstable_if action=reinterpret pc=0x0000000003057870 method=java.util.jar.JarFile.maybeInstantiateVerifier()V @ 4
Event: 52.689 Thread 0x0000000018fe4000 Uncommon trap: reason=unstable_if action=reinterpret pc=0x0000000002ce756c method=java.security.CodeSource.getCertificates()[Ljava/security/cert/Certificate; @ 22
Event: 52.696 Thread 0x0000000018fe4000 Uncommon trap: reason=unstable_if action=reinterpret pc=0x0000000002fccc20 method=java.util.jar.JarFile.maybeInstantiateVerifier()V @ 4
Event: 52.696 Thread 0x0000000018fe4000 Uncommon trap: reason=unstable_if action=reinterpret pc=0x0000000003146c58 method=java.util.jar.JarFile.maybeInstantiateVerifier()V @ 4
Event: 52.699 Thread 0x0000000018fe4000 Uncommon trap: reason=unstable_if action=reinterpret pc=0x0000000003201f88 method=java.security.CodeSource.matchCerts(Ljava/security/CodeSource;Z)Z @ 11
Event: 52.885 Thread 0x0000000018fe4000 Uncommon trap: reason=unstable_if action=reinterpret pc=0x00000000032b8790 method=java.util.LinkedHashMap.get(Ljava/lang/Object;)Ljava/lang/Object; @ 20
Event: 53.048 Thread 0x0000000018fe4000 Uncommon trap: reason=unstable_if action=reinterpret pc=0x0000000003062c24 method=org.objectweb.asm.ByteVector.putUTF8(Ljava/lang/String;)Lorg/objectweb/asm/ByteVector; @ 93
Event: 53.348 Thread 0x0000000018fe4000 Uncommon trap: reason=unstable_if action=reinterpret pc=0x0000000002f36670 method=org.objectweb.asm.ByteVector.putUTF8(Ljava/lang/String;)Lorg/objectweb/asm/ByteVector; @ 93

Classes redefined (0 events):
No events

Internal exceptions (10 events):
Event: 55.451 Thread 0x0000000018fe4000 Exception <a 'sun/nio/fs/WindowsException'> (0x00000000e719d138) thrown at [D:\src\AOSP-openjdk-cygwin\jdk8u\hotspot\src\share\vm\prims\jni.cpp, line 710]
Event: 55.451 Thread 0x0000000018fe4000 Exception <a 'sun/nio/fs/WindowsException'> (0x00000000e719e118) thrown at [D:\src\AOSP-openjdk-cygwin\jdk8u\hotspot\src\share\vm\prims\jni.cpp, line 710]
Event: 55.453 Thread 0x0000000018fe4000 Exception <a 'sun/nio/fs/WindowsException'> (0x00000000e71a1968) thrown at [D:\src\AOSP-openjdk-cygwin\jdk8u\hotspot\src\share\vm\prims\jni.cpp, line 710]
Event: 55.453 Thread 0x0000000018fe4000 Exception <a 'sun/nio/fs/WindowsException'> (0x00000000e71a2960) thrown at [D:\src\AOSP-openjdk-cygwin\jdk8u\hotspot\src\share\vm\prims\jni.cpp, line 710]
Event: 55.457 Thread 0x0000000018fe4000 Exception <a 'sun/nio/fs/WindowsException'> (0x00000000e71a5138) thrown at [D:\src\AOSP-openjdk-cygwin\jdk8u\hotspot\src\share\vm\prims\jni.cpp, line 710]
Event: 55.457 Thread 0x0000000018fe4000 Exception <a 'sun/nio/fs/WindowsException'> (0x00000000e71a6168) thrown at [D:\src\AOSP-openjdk-cygwin\jdk8u\hotspot\src\share\vm\prims\jni.cpp, line 710]
Event: 55.460 Thread 0x0000000018fe4000 Exception <a 'sun/nio/fs/WindowsException'> (0x00000000e71a9b28) thrown at [D:\src\AOSP-openjdk-cygwin\jdk8u\hotspot\src\share\vm\prims\jni.cpp, line 710]
Event: 55.461 Thread 0x0000000018fe4000 Exception <a 'sun/nio/fs/WindowsException'> (0x00000000e71aab70) thrown at [D:\src\AOSP-openjdk-cygwin\jdk8u\hotspot\src\share\vm\prims\jni.cpp, line 710]
Event: 55.461 Thread 0x0000000018fe4000 Exception <a 'sun/nio/fs/WindowsException'> (0x00000000e71ad398) thrown at [D:\src\AOSP-openjdk-cygwin\jdk8u\hotspot\src\share\vm\prims\jni.cpp, line 710]
Event: 55.461 Thread 0x0000000018fe4000 Exception <a 'sun/nio/fs/WindowsException'> (0x00000000e71ae418) thrown at [D:\src\AOSP-openjdk-cygwin\jdk8u\hotspot\src\share\vm\prims\jni.cpp, line 710]

Events (10 events):
Event: 55.344 loading class java/util/stream/Node$OfDouble done
Event: 55.344 loading class java/util/stream/Nodes$EmptyNode$OfDouble done
Event: 55.345 loading class java/util/stream/Nodes$SpinedNodeBuilder
Event: 55.345 loading class java/util/stream/Node$Builder
Event: 55.345 loading class java/util/stream/Node$Builder done
Event: 55.345 loading class java/util/stream/SpinedBuffer
Event: 55.346 loading class java/util/stream/AbstractSpinedBuffer
Event: 55.346 loading class java/util/stream/AbstractSpinedBuffer done
Event: 55.346 loading class java/util/stream/SpinedBuffer done
Event: 55.346 loading class java/util/stream/Nodes$SpinedNodeBuilder done


Dynamic libraries:
0x00007ff7c1d90000 - 0x00007ff7c1dc1000 	C:\Program Files\Android\Android Studio\jre\bin\java.exe
0x00007ffcf38d0000 - 0x00007ffcf3abd000 	C:\Windows\SYSTEM32\ntdll.dll
0x00007ffcf34e0000 - 0x00007ffcf3593000 	C:\Windows\System32\KERNEL32.DLL
0x00007ffcefa10000 - 0x00007ffcefca3000 	C:\Windows\System32\KERNELBASE.dll
0x00007ffcf2ed0000 - 0x00007ffcf2f73000 	C:\Windows\System32\ADVAPI32.dll
0x00007ffcf0dc0000 - 0x00007ffcf0e5e000 	C:\Windows\System32\msvcrt.dll
0x00007ffcf2450000 - 0x00007ffcf24ee000 	C:\Windows\System32\sechost.dll
0x00007ffcf0c30000 - 0x00007ffcf0d52000 	C:\Windows\System32\RPCRT4.dll
0x00007ffcf3170000 - 0x00007ffcf3307000 	C:\Windows\System32\USER32.dll
0x00007ffcefe00000 - 0x00007ffcefe20000 	C:\Windows\System32\win32u.dll
0x00007ffcf2d50000 - 0x00007ffcf2d79000 	C:\Windows\System32\GDI32.dll
0x00007ffcf0930000 - 0x00007ffcf0ac9000 	C:\Windows\System32\gdi32full.dll
0x00007ffcf0ad0000 - 0x00007ffcf0b70000 	C:\Windows\System32\msvcp_win.dll
0x00007ffcefcb0000 - 0x00007ffcefdaa000 	C:\Windows\System32\ucrtbase.dll
0x00007ffce0ca0000 - 0x00007ffce0f19000 	C:\Windows\WinSxS\amd64_microsoft.windows.common-controls_6595b64144ccf1df_6.0.17763.737_none_05b6437c071e554b\COMCTL32.dll
0x00007ffcf24f0000 - 0x00007ffcf281c000 	C:\Windows\System32\combase.dll
0x00007ffcf0860000 - 0x00007ffcf08de000 	C:\Windows\System32\bcryptPrimitives.dll
0x00007ffcf0e60000 - 0x00007ffcf0e8e000 	C:\Windows\System32\IMM32.DLL
0x000000006e260000 - 0x000000006e332000 	C:\Program Files\Android\Android Studio\jre\jre\bin\msvcr100.dll
0x000000006e420000 - 0x000000006ec66000 	C:\Program Files\Android\Android Studio\jre\jre\bin\server\jvm.dll
0x00007ffcf0c20000 - 0x00007ffcf0c28000 	C:\Windows\System32\PSAPI.DLL
0x00007ffce1af0000 - 0x00007ffce1af9000 	C:\Windows\SYSTEM32\WSOCK32.dll
0x00007ffcf35a0000 - 0x00007ffcf360d000 	C:\Windows\System32\WS2_32.dll
0x00007ffced540000 - 0x00007ffced564000 	C:\Windows\SYSTEM32\WINMM.dll
0x00007ffce25d0000 - 0x00007ffce25da000 	C:\Windows\SYSTEM32\VERSION.dll
0x00007ffced510000 - 0x00007ffced53d000 	C:\Windows\SYSTEM32\WINMMBASE.dll
0x00007ffcf08e0000 - 0x00007ffcf092a000 	C:\Windows\System32\cfgmgr32.dll
0x00007ffceda80000 - 0x00007ffceda8f000 	C:\Program Files\Android\Android Studio\jre\jre\bin\verify.dll
0x00007ffceda50000 - 0x00007ffceda79000 	C:\Program Files\Android\Android Studio\jre\jre\bin\java.dll
0x00007ffceda30000 - 0x00007ffceda46000 	C:\Program Files\Android\Android Studio\jre\jre\bin\zip.dll
0x00007ffcf0e90000 - 0x00007ffcf2382000 	C:\Windows\System32\SHELL32.dll
0x00007ffcf2820000 - 0x00007ffcf28c8000 	C:\Windows\System32\shcore.dll
0x00007ffcf0000000 - 0x00007ffcf074a000 	C:\Windows\System32\windows.storage.dll
0x00007ffcef9c0000 - 0x00007ffcef9e4000 	C:\Windows\System32\profapi.dll
0x00007ffcef960000 - 0x00007ffcef9bd000 	C:\Windows\System32\powrprof.dll
0x00007ffcf2390000 - 0x00007ffcf23e2000 	C:\Windows\System32\shlwapi.dll
0x00007ffcef9f0000 - 0x00007ffcefa01000 	C:\Windows\System32\kernel.appcore.dll
0x00007ffcefdb0000 - 0x00007ffcefdc7000 	C:\Windows\System32\cryptsp.dll
0x00007ffcec270000 - 0x00007ffcec28a000 	C:\Program Files\Android\Android Studio\jre\jre\bin\net.dll
0x00007ffcef1b0000 - 0x00007ffcef217000 	C:\Windows\system32\mswsock.dll
0x00007ffcec1c0000 - 0x00007ffcec1d1000 	C:\Program Files\Android\Android Studio\jre\jre\bin\nio.dll
0x00007ffcec290000 - 0x00007ffcec2ae000 	C:\Users\alros\.gradle\native\25\windows-amd64\native-platform.dll
0x00007ffceda20000 - 0x00007ffceda2d000 	C:\Program Files\Android\Android Studio\jre\jre\bin\management.dll
0x00007ffceed30000 - 0x00007ffceed63000 	C:\Windows\system32\rsaenh.dll
0x00007ffcefdd0000 - 0x00007ffcefdf6000 	C:\Windows\System32\bcrypt.dll
0x00007ffcef840000 - 0x00007ffcef868000 	C:\Windows\SYSTEM32\USERENV.dll
0x00007ffcef380000 - 0x00007ffcef38c000 	C:\Windows\SYSTEM32\CRYPTBASE.dll
0x00007ffceeed0000 - 0x00007ffceef0d000 	C:\Windows\SYSTEM32\IPHLPAPI.DLL
0x00007ffcf2f80000 - 0x00007ffcf2f88000 	C:\Windows\System32\NSI.dll
0x00007ffce6540000 - 0x00007ffce6556000 	C:\Windows\SYSTEM32\dhcpcsvc6.DLL
0x00007ffce6960000 - 0x00007ffce697c000 	C:\Windows\SYSTEM32\dhcpcsvc.DLL
0x00007ffceef10000 - 0x00007ffceefd6000 	C:\Windows\SYSTEM32\DNSAPI.dll

VM Arguments:
jvm_args: -Xmx1536m -Dfile.encoding=windows-1252 -Duser.country=US -Duser.language=en -Duser.variant 
java_command: org.gradle.launcher.daemon.bootstrap.GradleDaemon 5.1.1
java_class_path (initial): C:\Users\alros\.gradle\wrapper\dists\gradle-5.1.1-all\97z1ksx6lirer3kbvdnh7jtjg\gradle-5.1.1\lib\gradle-launcher-5.1.1.jar
Launcher Type: SUN_STANDARD

Environment Variables:
PATH=C:\Python27\;C:\Python27\Scripts;C:\Program Files (x86)\Common Files\Oracle\Java\javapath;C:\Windows\system32;C:\Windows;C:\Windows\System32\Wbem;C:\Windows\System32\WindowsPowerShell\v1.0\;C:\Windows\System32\OpenSSH\;C:\Program Files\nodejs\;C:\ProgramData\chocolatey\bin;C:\Users\alros\AppData\Local\Microsoft\WindowsApps;C:\Users\alros\AppData\Roaming\npm;C:WindowsSystem32;C:\Users\alros\AppData\Local\Programs\Microsoft VS Code\bin;C:\adb;C:\Program Files\Git\cmd;C:\Users\alros\AppData\Local\Microsoft\WindowsApps;C:\Users\alros\AppData\Roaming\npm;"C:WindowsSystem32;";C:\Users\alros\AppData\Local\Programs\Microsoft VS Code\bin;C:\Users\alros\AppData\Local\GitHubDesktop\bin
USERNAME=alros
OS=Windows_NT
PROCESSOR_IDENTIFIER=Intel64 Family 6 Model 37 Stepping 5, GenuineIntel



---------------  S Y S T E M  ---------------

OS: Windows 10.0 , 64 bit Build 17763 (10.0.17763.475)

CPU:total 4 (initial active 4) (2 cores per cpu, 2 threads per core) family 6 model 37 stepping 5, cmov, cx8, fxsr, mmx, sse, sse2, sse3, ssse3, sse4.1, sse4.2, popcnt, ht, tsc, tscinvbit

Memory: 4k page, physical 6084460k(587780k free), swap 6084460k(5164k free)

vm_info: OpenJDK 64-Bit Server VM (25.202-b03) for windows-amd64 JRE (1.8.0_202-release-1483-b03), built by "builder" with MS VC++ 10.0 (VS2010)

time: Fri Oct 04 10:27:13 2019
timezone: SE Asia Standard Time
elapsed time: 55 seconds (0d 0h 0m 55s)

