#
# There is insufficient memory for the Java Runtime Environment to continue.
# Native memory allocation (malloc) failed to allocate 1768272 bytes for Chunk::new
# Possible reasons:
#   The system is out of physical RAM or swap space
#   The process is running with CompressedOops enabled, and the Java Heap may be blocking the growth of the native heap
# Possible solutions:
#   Reduce memory load on the system
#   Increase physical memory or swap space
#   Check if swap backing store is full
#   Decrease Java heap size (-Xmx/-Xms)
#   Decrease number of Java threads
#   Decrease Java thread stack sizes (-Xss)
#   Set larger code cache with -XX:ReservedCodeCacheSize=
#   JVM is running with Unscaled Compressed Oops mode in which the Java heap is
#     placed in the first 4GB address space. The Java Heap base address is the
#     maximum limit for the native heap growth. Please use -XX:HeapBaseMinAddress
#     to set the Java Heap base and to place the Java Heap above 4GB virtual address.
# This output file may be truncated or incomplete.
#
#  Out of Memory Error (allocation.cpp:389), pid=6296, tid=0x00000000000023d8
#
# JRE version: OpenJDK Runtime Environment (8.0_202-b03) (build 1.8.0_202-release-1483-b03)
# Java VM: OpenJDK 64-Bit Server VM (25.202-b03 mixed mode windows-amd64 compressed oops)
# Failed to write core dump. Minidumps are not enabled by default on client versions of Windows
#

---------------  T H R E A D  ---------------

Current thread (0x00000000160d2000):  JavaThread "C2 CompilerThread1" daemon [_thread_in_native, id=9176, stack(0x00000000177e0000,0x00000000178e0000)]

Stack: [0x00000000177e0000,0x00000000178e0000]
[error occurred during error reporting (printing stack bounds), id 0xc0000005]

Native frames: (J=compiled Java code, j=interpreted, Vv=VM code, C=native code)


Current CompileTask:
C2:4511769 25999       4       org.gradle.api.internal.artifacts.ivyservice.resolveengine.artifact.ResolvedArtifactsGraphVisitor::visitEdges (152 bytes)


---------------  P R O C E S S  ---------------

Java Threads: ( => current thread )
  0x000000001be98000 JavaThread "Cache worker for execution history cache (C:\Users\alros\AndroidStudioProjects\WatchMeFinal\.gradle\5.1.1\executionHistory)" [_thread_blocked, id=120, stack(0x0000000031960000,0x0000000031a60000)]
  0x000000001be91000 JavaThread "Execution worker for ':' Thread 3" [_thread_blocked, id=6984, stack(0x0000000031860000,0x0000000031960000)]
  0x000000001ebd7800 JavaThread "Execution worker for ':' Thread 2" [_thread_blocked, id=5072, stack(0x0000000031760000,0x0000000031860000)]
  0x000000001ebd5000 JavaThread "Execution worker for ':'" [_thread_in_Java, id=4860, stack(0x0000000031660000,0x0000000031760000)]
  0x000000001ebd6800 JavaThread "Cache worker for file content cache (C:\Users\alros\AndroidStudioProjects\WatchMeFinal\.gradle\5.1.1\fileContent)" [_thread_blocked, id=6420, stack(0x0000000031560000,0x0000000031660000)]
  0x000000001ebd3000 JavaThread "Cache worker for Build Output Cleanup Cache (C:\Users\alros\AndroidStudioProjects\WatchMeFinal\.gradle\buildOutputCleanup)" [_thread_blocked, id=9036, stack(0x0000000031460000,0x0000000031560000)]
  0x000000001ebd3800 JavaThread "Build operations Thread 4" [_thread_blocked, id=6784, stack(0x0000000031360000,0x0000000031460000)]
  0x000000001ebd6000 JavaThread "Build operations Thread 3" [_thread_blocked, id=1612, stack(0x0000000031260000,0x0000000031360000)]
  0x000000001ebd8000 JavaThread "Build operations Thread 2" [_thread_blocked, id=660, stack(0x0000000031160000,0x0000000031260000)]
  0x000000001ebcb800 JavaThread "Build operations" [_thread_blocked, id=8720, stack(0x0000000031060000,0x0000000031160000)]
  0x000000001ebd2000 JavaThread "Cache worker for cache directory md-rule (C:\Users\alros\.gradle\caches\5.1.1\md-rule)" [_thread_blocked, id=1224, stack(0x0000000030f60000,0x0000000031060000)]
  0x000000001ebd1800 JavaThread "Cache worker for cache directory md-supplier (C:\Users\alros\.gradle\caches\5.1.1\md-supplier)" [_thread_blocked, id=7748, stack(0x0000000030e60000,0x0000000030f60000)]
  0x000000001ebca000 JavaThread "Cache worker for file hash cache (C:\Users\alros\AndroidStudioProjects\WatchMeFinal\.gradle\5.1.1\fileHashes)" [_thread_blocked, id=2384, stack(0x0000000030d60000,0x0000000030e60000)]
  0x000000001ebca800 JavaThread "Thread-164" [_thread_blocked, id=8412, stack(0x0000000030c60000,0x0000000030d60000)]
  0x000000001ebc9000 JavaThread "Stdin handler" [_thread_blocked, id=7764, stack(0x0000000030b60000,0x0000000030c60000)]
  0x000000001ebcf000 JavaThread "Asynchronous log dispatcher for DefaultDaemonConnection: socket connection from /127.0.0.1:49739 to /127.0.0.1:50230" [_thread_blocked, id=2556, stack(0x0000000030a60000,0x0000000030b60000)]
  0x000000001ebcd000 JavaThread "Cancel handler" [_thread_blocked, id=2036, stack(0x0000000030960000,0x0000000030a60000)]
  0x000000001ebcd800 JavaThread "Handler for socket connection from /127.0.0.1:49739 to /127.0.0.1:50230" [_thread_in_native, id=2096, stack(0x0000000030860000,0x0000000030960000)]
  0x000000001be93800 JavaThread "Daemon worker Thread 6" [_thread_blocked, id=2416, stack(0x000000002f260000,0x000000002f360000)]
  0x000000001be95000 JavaThread "Daemon Thread 6" [_thread_blocked, id=2032, stack(0x000000002ef60000,0x000000002f060000)]
  0x000000001ed7c800 JavaThread "Cache worker for Java compile cache (C:\Users\alros\.gradle\caches\5.1.1\javaCompile)" [_thread_blocked, id=376, stack(0x000000002a810000,0x000000002a910000)]
  0x000000001ed89800 JavaThread "Cache worker for file content cache (C:\Users\alros\.gradle\caches\5.1.1\fileContent)" [_thread_blocked, id=1800, stack(0x0000000023640000,0x0000000023740000)]
  0x000000001ed7d800 JavaThread "Memory manager" [_thread_blocked, id=8976, stack(0x0000000021f40000,0x0000000022040000)]
  0x000000001ed7f000 JavaThread "Cache worker for execution history cache (C:\Users\alros\.gradle\caches\5.1.1\executionHistory)" [_thread_blocked, id=2196, stack(0x0000000020040000,0x0000000020140000)]
  0x0000000018e8b800 JavaThread "Cache worker for journal cache (C:\Users\alros\.gradle\caches\journal-1)" [_thread_blocked, id=7956, stack(0x000000001ab30000,0x000000001ac30000)]
  0x0000000018e8e800 JavaThread "File lock request listener" [_thread_in_native, id=7892, stack(0x000000001aa30000,0x000000001ab30000)]
  0x0000000019453800 JavaThread "Cache worker for file hash cache (C:\Users\alros\.gradle\caches\5.1.1\fileHashes)" [_thread_blocked, id=7896, stack(0x000000001a930000,0x000000001aa30000)]
  0x0000000017a7f800 JavaThread "Daemon periodic checks" [_thread_blocked, id=8324, stack(0x0000000019f30000,0x000000001a030000)]
  0x000000001847f800 JavaThread "Incoming local TCP Connector on port 49739" [_thread_in_native, id=8320, stack(0x0000000019cf0000,0x0000000019df0000)]
  0x00000000160d9800 JavaThread "Service Thread" daemon [_thread_blocked, id=5384, stack(0x0000000017de0000,0x0000000017ee0000)]
  0x00000000178e8800 JavaThread "C1 CompilerThread2" daemon [_thread_blocked, id=9180, stack(0x0000000017ce0000,0x0000000017de0000)]
=>0x00000000160d2000 JavaThread "C2 CompilerThread1" daemon [_thread_in_native, id=9176, stack(0x00000000177e0000,0x00000000178e0000)]
  0x0000000016078800 JavaThread "C2 CompilerThread0" daemon [_thread_in_native, id=9172, stack(0x00000000176e0000,0x00000000177e0000)]
  0x0000000016086000 JavaThread "Attach Listener" daemon [_thread_blocked, id=9120, stack(0x00000000175e0000,0x00000000176e0000)]
  0x0000000016084800 JavaThread "Signal Dispatcher" daemon [_thread_blocked, id=9144, stack(0x00000000174e0000,0x00000000175e0000)]
  0x0000000002705000 JavaThread "Finalizer" daemon [_thread_blocked, id=9152, stack(0x00000000172e0000,0x00000000173e0000)]
  0x0000000016069000 JavaThread "Reference Handler" daemon [_thread_blocked, id=8440, stack(0x00000000171e0000,0x00000000172e0000)]
  0x000000000232e800 JavaThread "main" [_thread_blocked, id=9160, stack(0x0000000002410000,0x0000000002510000)]

Other Threads:
  0x0000000016047800 VMThread [stack: 0x00000000170e0000,0x00000000171e0000] [id=6628]
  0x00000000160db800 WatcherThread [stack: 0x0000000017ee0000,0x0000000017fe0000] [id=9184]

VM state:not at safepoint (normal execution)

VM Mutex/Monitor currently owned by a thread: None

heap address: 0x00000000a0000000, size: 1536 MB, Compressed Oops mode: 32-bit
Narrow klass base: 0x0000000000000000, Narrow klass shift: 3
Compressed class space size: 1073741824 Address: 0x0000000100000000

Heap:
 PSYoungGen      total 343552K, used 89842K [0x00000000e0000000, 0x00000000feb80000, 0x0000000100000000)
  eden space 226304K, 2% used [0x00000000e0000000,0x00000000e0588348,0x00000000edd00000)
  from space 117248K, 71% used [0x00000000edd00000,0x00000000f2f34750,0x00000000f4f80000)
  to   space 124928K, 0% used [0x00000000f7180000,0x00000000f7180000,0x00000000feb80000)
 ParOldGen       total 117760K, used 80838K [0x00000000a0000000, 0x00000000a7300000, 0x00000000e0000000)
  object space 117760K, 68% used [0x00000000a0000000,0x00000000a4ef1a28,0x00000000a7300000)
 Metaspace       used 102503K, capacity 107614K, committed 107992K, reserved 1142784K
  class space    used 12654K, capacity 13683K, committed 13824K, reserved 1048576K

Card table byte_map: [0x0000000011ad0000,0x0000000011de0000] byte_map_base: 0x00000000115d0000

Marking Bits: (ParMarkBitMap*) 0x000000006ebe9f30
 Begin Bits: [0x00000000123e0000, 0x0000000013be0000)
 End Bits:   [0x0000000013be0000, 0x00000000153e0000)

Polling page: 0x0000000000650000

CodeCache: size=245760Kb used=70912Kb max_used=71212Kb free=174847Kb
 bounds [0x0000000002710000, 0x0000000006d10000, 0x0000000011710000]
 total_blobs=20749 nmethods=19851 adapters=811
 compilation: enabled

Compilation events (10 events):
Event: 4511.496 Thread 0x00000000178e8800 nmethod 26061 0x00000000038254d0 code [0x0000000003825620, 0x0000000003825730]
Event: 4511.509 Thread 0x0000000016078800 26062       4       org.gradle.api.internal.project.DefaultProject::getFileResolver (30 bytes)
Event: 4511.511 Thread 0x0000000016078800 nmethod 26062 0x0000000003daa010 code [0x0000000003daa160, 0x0000000003daa268]
Event: 4511.513 Thread 0x00000000178e8800 26063       3       java.util.ArrayList::ensureCapacity (28 bytes)
Event: 4511.514 Thread 0x00000000178e8800 nmethod 26063 0x0000000003efcfd0 code [0x0000000003efd140, 0x0000000003efd408]
Event: 4511.519 Thread 0x00000000178e8800 26064       3       com.android.build.gradle.internal.scope.ApkData::isEnabled (8 bytes)
Event: 4511.520 Thread 0x00000000178e8800 nmethod 26064 0x000000000381a8d0 code [0x000000000381aa40, 0x000000000381acd0]
Event: 4511.550 Thread 0x0000000016078800 26065   !   4       java.nio.file.Files::walkFileTree (355 bytes)
Event: 4511.595 Thread 0x0000000016078800 nmethod 26065 0x00000000066154d0 code [0x0000000006615760, 0x0000000006616500]
Event: 4511.727 Thread 0x0000000016078800 26066       4       org.gradle.internal.fingerprint.impl.RelativePathFingerprintingStrategy$1::visit (62 bytes)

GC Heap History (10 events):
Event: 3789.097 GC heap before
{Heap before GC invocations=43 (full 4):
 PSYoungGen      total 287232K, used 203108K [0x00000000e0000000, 0x00000000f7e80000, 0x0000000100000000)
  eden space 189952K, 100% used [0x00000000e0000000,0x00000000eb980000,0x00000000eb980000)
  from space 97280K, 13% used [0x00000000f1f80000,0x00000000f2c59168,0x00000000f7e80000)
  to   space 100864K, 0% used [0x00000000eb980000,0x00000000eb980000,0x00000000f1c00000)
 ParOldGen       total 117760K, used 80780K [0x00000000a0000000, 0x00000000a7300000, 0x00000000e0000000)
  object space 117760K, 68% used [0x00000000a0000000,0x00000000a4ee3200,0x00000000a7300000)
 Metaspace       used 99257K, capacity 103696K, committed 103896K, reserved 1140736K
  class space    used 12268K, capacity 13144K, committed 13312K, reserved 1048576K
Event: 3789.137 GC heap after
Heap after GC invocations=43 (full 4):
 PSYoungGen      total 290816K, used 19867K [0x00000000e0000000, 0x00000000f8e80000, 0x0000000100000000)
  eden space 189952K, 0% used [0x00000000e0000000,0x00000000e0000000,0x00000000eb980000)
  from space 100864K, 19% used [0x00000000eb980000,0x00000000ecce6f90,0x00000000f1c00000)
  to   space 97280K, 0% used [0x00000000f2f80000,0x00000000f2f80000,0x00000000f8e80000)
 ParOldGen       total 117760K, used 80788K [0x00000000a0000000, 0x00000000a7300000, 0x00000000e0000000)
  object space 117760K, 68% used [0x00000000a0000000,0x00000000a4ee5200,0x00000000a7300000)
 Metaspace       used 99257K, capacity 103696K, committed 103896K, reserved 1140736K
  class space    used 12268K, capacity 13144K, committed 13312K, reserved 1048576K
}
Event: 4349.816 GC heap before
{Heap before GC invocations=44 (full 4):
 PSYoungGen      total 290816K, used 209819K [0x00000000e0000000, 0x00000000f8e80000, 0x0000000100000000)
  eden space 189952K, 100% used [0x00000000e0000000,0x00000000eb980000,0x00000000eb980000)
  from space 100864K, 19% used [0x00000000eb980000,0x00000000ecce6f90,0x00000000f1c00000)
  to   space 97280K, 0% used [0x00000000f2f80000,0x00000000f2f80000,0x00000000f8e80000)
 ParOldGen       total 117760K, used 80798K [0x00000000a0000000, 0x00000000a7300000, 0x00000000e0000000)
  object space 117760K, 68% used [0x00000000a0000000,0x00000000a4ee7a28,0x00000000a7300000)
 Metaspace       used 100690K, capacity 105436K, committed 105688K, reserved 1140736K
  class space    used 12480K, capacity 13434K, committed 13568K, reserved 1048576K
Event: 4349.872 GC heap after
Heap after GC invocations=44 (full 4):
 PSYoungGen      total 296448K, used 22252K [0x00000000e0000000, 0x00000000f8400000, 0x0000000100000000)
  eden space 209920K, 0% used [0x00000000e0000000,0x00000000e0000000,0x00000000ecd00000)
  from space 86528K, 25% used [0x00000000f2f80000,0x00000000f453b060,0x00000000f8400000)
  to   space 93696K, 0% used [0x00000000ecd00000,0x00000000ecd00000,0x00000000f2880000)
 ParOldGen       total 117760K, used 80814K [0x00000000a0000000, 0x00000000a7300000, 0x00000000e0000000)
  object space 117760K, 68% used [0x00000000a0000000,0x00000000a4eeba28,0x00000000a7300000)
 Metaspace       used 100690K, capacity 105436K, committed 105688K, reserved 1140736K
  class space    used 12480K, capacity 13434K, committed 13568K, reserved 1048576K
}
Event: 4352.519 GC heap before
{Heap before GC invocations=45 (full 4):
 PSYoungGen      total 296448K, used 232172K [0x00000000e0000000, 0x00000000f8400000, 0x0000000100000000)
  eden space 209920K, 100% used [0x00000000e0000000,0x00000000ecd00000,0x00000000ecd00000)
  from space 86528K, 25% used [0x00000000f2f80000,0x00000000f453b060,0x00000000f8400000)
  to   space 93696K, 0% used [0x00000000ecd00000,0x00000000ecd00000,0x00000000f2880000)
 ParOldGen       total 117760K, used 80814K [0x00000000a0000000, 0x00000000a7300000, 0x00000000e0000000)
  object space 117760K, 68% used [0x00000000a0000000,0x00000000a4eeba28,0x00000000a7300000)
 Metaspace       used 101579K, capacity 106402K, committed 106840K, reserved 1142784K
  class space    used 12562K, capacity 13499K, committed 13696K, reserved 1048576K
Event: 4352.797 GC heap after
Heap after GC invocations=45 (full 4):
 PSYoungGen      total 303616K, used 83989K [0x00000000e0000000, 0x00000000fb700000, 0x0000000100000000)
  eden space 209920K, 0% used [0x00000000e0000000,0x00000000e0000000,0x00000000ecd00000)
  from space 93696K, 89% used [0x00000000ecd00000,0x00000000f1f05770,0x00000000f2880000)
  to   space 105984K, 0% used [0x00000000f4f80000,0x00000000f4f80000,0x00000000fb700000)
 ParOldGen       total 117760K, used 80822K [0x00000000a0000000, 0x00000000a7300000, 0x00000000e0000000)
  object space 117760K, 68% used [0x00000000a0000000,0x00000000a4eeda28,0x00000000a7300000)
 Metaspace       used 101579K, capacity 106402K, committed 106840K, reserved 1142784K
  class space    used 12562K, capacity 13499K, committed 13696K, reserved 1048576K
}
Event: 4360.872 GC heap before
{Heap before GC invocations=46 (full 4):
 PSYoungGen      total 303616K, used 293909K [0x00000000e0000000, 0x00000000fb700000, 0x0000000100000000)
  eden space 209920K, 100% used [0x00000000e0000000,0x00000000ecd00000,0x00000000ecd00000)
  from space 93696K, 89% used [0x00000000ecd00000,0x00000000f1f05770,0x00000000f2880000)
  to   space 105984K, 0% used [0x00000000f4f80000,0x00000000f4f80000,0x00000000fb700000)
 ParOldGen       total 117760K, used 80822K [0x00000000a0000000, 0x00000000a7300000, 0x00000000e0000000)
  object space 117760K, 68% used [0x00000000a0000000,0x00000000a4eeda28,0x00000000a7300000)
 Metaspace       used 101918K, capacity 106896K, committed 107096K, reserved 1142784K
  class space    used 12590K, capacity 13558K, committed 13696K, reserved 1048576K
Event: 4361.298 GC heap after
Heap after GC invocations=46 (full 4):
 PSYoungGen      total 332288K, used 88003K [0x00000000e0000000, 0x00000000fcd80000, 0x0000000100000000)
  eden space 226304K, 0% used [0x00000000e0000000,0x00000000e0000000,0x00000000edd00000)
  from space 105984K, 83% used [0x00000000f4f80000,0x00000000fa570fd8,0x00000000fb700000)
  to   space 117248K, 0% used [0x00000000edd00000,0x00000000edd00000,0x00000000f4f80000)
 ParOldGen       total 117760K, used 80830K [0x00000000a0000000, 0x00000000a7300000, 0x00000000e0000000)
  object space 117760K, 68% used [0x00000000a0000000,0x00000000a4eefa28,0x00000000a7300000)
 Metaspace       used 101918K, capacity 106896K, committed 107096K, reserved 1142784K
  class space    used 12590K, capacity 13558K, committed 13696K, reserved 1048576K
}
Event: 4511.253 GC heap before
{Heap before GC invocations=47 (full 4):
 PSYoungGen      total 332288K, used 314307K [0x00000000e0000000, 0x00000000fcd80000, 0x0000000100000000)
  eden space 226304K, 100% used [0x00000000e0000000,0x00000000edd00000,0x00000000edd00000)
  from space 105984K, 83% used [0x00000000f4f80000,0x00000000fa570fd8,0x00000000fb700000)
  to   space 117248K, 0% used [0x00000000edd00000,0x00000000edd00000,0x00000000f4f80000)
 ParOldGen       total 117760K, used 80830K [0x00000000a0000000, 0x00000000a7300000, 0x00000000e0000000)
  object space 117760K, 68% used [0x00000000a0000000,0x00000000a4eefa28,0x00000000a7300000)
 Metaspace       used 102500K, capacity 107608K, committed 107992K, reserved 1142784K
  class space    used 12654K, capacity 13682K, committed 13824K, reserved 1048576K
Event: 4511.493 GC heap after
Heap after GC invocations=47 (full 4):
 PSYoungGen      total 343552K, used 84177K [0x00000000e0000000, 0x00000000feb80000, 0x0000000100000000)
  eden space 226304K, 0% used [0x00000000e0000000,0x00000000e0000000,0x00000000edd00000)
  from space 117248K, 71% used [0x00000000edd00000,0x00000000f2f34750,0x00000000f4f80000)
  to   space 124928K, 0% used [0x00000000f7180000,0x00000000f7180000,0x00000000feb80000)
 ParOldGen       total 117760K, used 80838K [0x00000000a0000000, 0x00000000a7300000, 0x00000000e0000000)
  object space 117760K, 68% used [0x00000000a0000000,0x00000000a4ef1a28,0x00000000a7300000)
 Metaspace       used 102500K, capacity 107608K, committed 107992K, reserved 1142784K
  class space    used 12654K, capacity 13682K, committed 13824K, reserved 1048576K
}

Deoptimization events (10 events):
Event: 4486.778 Thread 0x000000001be93800 Uncommon trap: reason=bimorphic action=maybe_recompile pc=0x000000000371e35c method=org.gradle.internal.logging.text.AbstractStyledTextOutput.text(Ljava/lang/Object;)Lorg/gradle/internal/logging/text/StyledTextOutput; @ 11
Event: 4486.781 Thread 0x000000001be93800 Uncommon trap: reason=unstable_if action=reinterpret pc=0x0000000004528b84 method=org.gradle.internal.operations.DefaultBuildOperationExecutor.execute(Lorg/gradle/internal/operations/BuildOperation;Lorg/gradle/internal/operations/BuildOperationWorker;Lorg
Event: 4486.781 Thread 0x000000001be93800 Uncommon trap: reason=unstable_if action=reinterpret pc=0x0000000005c75114 method=org.gradle.tooling.internal.provider.runner.ClientForwardingBuildOperationListener.toOperationResult(Lorg/gradle/internal/operations/OperationFinishEvent;)Lorg/gradle/toolin
Event: 4486.788 Thread 0x000000001be93800 Uncommon trap: reason=unstable_if action=reinterpret pc=0x00000000069a512c method=org.gradle.internal.serialize.ExceptionReplacingObjectOutputStream.doReplaceObject(Ljava/lang/Object;)Ljava/lang/Object; @ 4
Event: 4486.807 Thread 0x000000001be93800 Uncommon trap: reason=class_check action=maybe_recompile pc=0x0000000002907368 method=java.lang.String.equals(Ljava/lang/Object;)Z @ 8
Event: 4486.807 Thread 0x000000001be93800 Uncommon trap: reason=class_check action=maybe_recompile pc=0x0000000002907368 method=java.lang.String.equals(Ljava/lang/Object;)Z @ 8
Event: 4486.807 Thread 0x000000001be93800 Uncommon trap: reason=class_check action=maybe_recompile pc=0x0000000002907368 method=java.lang.String.equals(Ljava/lang/Object;)Z @ 8
Event: 4486.808 Thread 0x000000001be93800 Uncommon trap: reason=class_check action=maybe_recompile pc=0x0000000002907368 method=java.lang.String.equals(Ljava/lang/Object;)Z @ 8
Event: 4486.815 Thread 0x000000001be93800 Uncommon trap: reason=unstable_if action=reinterpret pc=0x00000000067c1c3c method=java.util.AbstractList.equals(Ljava/lang/Object;)Z @ 11
Event: 4511.496 Thread 0x000000001be93800 Uncommon trap: reason=null_check action=make_not_entrant pc=0x0000000003d96ac8 method=java.lang.ThreadLocal$ThreadLocalMap.set(Ljava/lang/ThreadLocal;Ljava/lang/Object;)V @ 36

Classes redefined (0 events):
No events

Internal exceptions (10 events):
Event: 4509.116 Thread 0x000000001be93800 Exception <a 'sun/nio/fs/WindowsException'> (0x00000000e9532280) thrown at [D:\src\AOSP-openjdk-cygwin\jdk8u\hotspot\src\share\vm\prims\jni.cpp, line 710]
Event: 4509.116 Thread 0x000000001be93800 Exception <a 'sun/nio/fs/WindowsException'> (0x00000000e9534450) thrown at [D:\src\AOSP-openjdk-cygwin\jdk8u\hotspot\src\share\vm\prims\jni.cpp, line 710]
Event: 4509.116 Thread 0x000000001be93800 Exception <a 'sun/nio/fs/WindowsException'> (0x00000000e9534ff8) thrown at [D:\src\AOSP-openjdk-cygwin\jdk8u\hotspot\src\share\vm\prims\jni.cpp, line 710]
Event: 4509.116 Thread 0x000000001be93800 Exception <a 'sun/nio/fs/WindowsException'> (0x00000000e9537fe8) thrown at [D:\src\AOSP-openjdk-cygwin\jdk8u\hotspot\src\share\vm\prims\jni.cpp, line 710]
Event: 4509.117 Thread 0x000000001be93800 Exception <a 'sun/nio/fs/WindowsException'> (0x00000000e9538bd0) thrown at [D:\src\AOSP-openjdk-cygwin\jdk8u\hotspot\src\share\vm\prims\jni.cpp, line 710]
Event: 4509.117 Thread 0x000000001be93800 Exception <a 'sun/nio/fs/WindowsException'> (0x00000000e953ae90) thrown at [D:\src\AOSP-openjdk-cygwin\jdk8u\hotspot\src\share\vm\prims\jni.cpp, line 710]
Event: 4509.118 Thread 0x000000001be93800 Exception <a 'sun/nio/fs/WindowsException'> (0x00000000e953ba88) thrown at [D:\src\AOSP-openjdk-cygwin\jdk8u\hotspot\src\share\vm\prims\jni.cpp, line 710]
Event: 4509.119 Thread 0x000000001be93800 Exception <a 'sun/nio/fs/WindowsException'> (0x00000000e953edf0) thrown at [D:\src\AOSP-openjdk-cygwin\jdk8u\hotspot\src\share\vm\prims\jni.cpp, line 710]
Event: 4509.290 Thread 0x000000001be93800 Exception <a 'sun/nio/fs/WindowsException'> (0x00000000e98048e0) thrown at [D:\src\AOSP-openjdk-cygwin\jdk8u\hotspot\src\share\vm\prims\jni.cpp, line 710]
Event: 4511.496 Thread 0x000000001be93800 Implicit null exception at 0x0000000003d96756 to 0x0000000003d96aa1

Events (10 events):
Event: 4510.661 Executing VM operation: RevokeBias done
Event: 4510.662 Executing VM operation: RevokeBias
Event: 4510.662 Executing VM operation: RevokeBias done
Event: 4511.253 Executing VM operation: ParallelGCFailedAllocation
Event: 4511.493 Executing VM operation: ParallelGCFailedAllocation done
Event: 4511.494 Executing VM operation: RevokeBias
Event: 4511.495 Executing VM operation: RevokeBias done
Event: 4511.496 Thread 0x000000001be93800 Uncommon trap: trap_request=0xfffffff4 fr.pc=0x0000000003d96ac8
Event: 4511.496 Thread 0x000000001be93800 DEOPT PACKING pc=0x0000000003d96ac8 sp=0x000000002f35bbe0
Event: 4511.496 Thread 0x000000001be93800 DEOPT UNPACKING pc=0x000000000275557b sp=0x000000002f35ba90 mode 2


Dynamic libraries:
0x00007ff7c1d90000 - 0x00007ff7c1dc1000 	C:\Program Files\Android\Android Studio\jre\bin\java.exe
0x00007ffcf38d0000 - 0x00007ffcf3abd000 	C:\Windows\SYSTEM32\ntdll.dll
0x00007ffcf34e0000 - 0x00007ffcf3593000 	C:\Windows\System32\KERNEL32.DLL
0x00007ffcefa10000 - 0x00007ffcefca3000 	C:\Windows\System32\KERNELBASE.dll
0x00007ffcf2ed0000 - 0x00007ffcf2f73000 	C:\Windows\System32\ADVAPI32.dll
0x00007ffcf0dc0000 - 0x00007ffcf0e5e000 	C:\Windows\System32\msvcrt.dll
0x00007ffcf2450000 - 0x00007ffcf24ee000 	C:\Windows\System32\sechost.dll
0x00007ffcf0c30000 - 0x00007ffcf0d52000 	C:\Windows\System32\RPCRT4.dll
0x00007ffcf3170000 - 0x00007ffcf3307000 	C:\Windows\System32\USER32.dll
0x00007ffcefe00000 - 0x00007ffcefe20000 	C:\Windows\System32\win32u.dll
0x00007ffcf2d50000 - 0x00007ffcf2d79000 	C:\Windows\System32\GDI32.dll
0x00007ffcf0930000 - 0x00007ffcf0ac9000 	C:\Windows\System32\gdi32full.dll
0x00007ffcf0ad0000 - 0x00007ffcf0b70000 	C:\Windows\System32\msvcp_win.dll
0x00007ffcefcb0000 - 0x00007ffcefdaa000 	C:\Windows\System32\ucrtbase.dll
0x00007ffce0ca0000 - 0x00007ffce0f19000 	C:\Windows\WinSxS\amd64_microsoft.windows.common-controls_6595b64144ccf1df_6.0.17763.737_none_05b6437c071e554b\COMCTL32.dll
0x00007ffcf24f0000 - 0x00007ffcf281c000 	C:\Windows\System32\combase.dll
0x00007ffcf0860000 - 0x00007ffcf08de000 	C:\Windows\System32\bcryptPrimitives.dll
0x00007ffcf0e60000 - 0x00007ffcf0e8e000 	C:\Windows\System32\IMM32.DLL
0x000000006e260000 - 0x000000006e332000 	C:\Program Files\Android\Android Studio\jre\jre\bin\msvcr100.dll
0x000000006e420000 - 0x000000006ec66000 	C:\Program Files\Android\Android Studio\jre\jre\bin\server\jvm.dll
0x00007ffcf0c20000 - 0x00007ffcf0c28000 	C:\Windows\System32\PSAPI.DLL
0x00007ffce1af0000 - 0x00007ffce1af9000 	C:\Windows\SYSTEM32\WSOCK32.dll
0x00007ffcf35a0000 - 0x00007ffcf360d000 	C:\Windows\System32\WS2_32.dll
0x00007ffced540000 - 0x00007ffced564000 	C:\Windows\SYSTEM32\WINMM.dll
0x00007ffce25d0000 - 0x00007ffce25da000 	C:\Windows\SYSTEM32\VERSION.dll
0x00007ffced510000 - 0x00007ffced53d000 	C:\Windows\SYSTEM32\WINMMBASE.dll
0x00007ffcf08e0000 - 0x00007ffcf092a000 	C:\Windows\System32\cfgmgr32.dll
0x00007ffceda80000 - 0x00007ffceda8f000 	C:\Program Files\Android\Android Studio\jre\jre\bin\verify.dll
0x00007ffceda50000 - 0x00007ffceda79000 	C:\Program Files\Android\Android Studio\jre\jre\bin\java.dll
0x00007ffceda30000 - 0x00007ffceda46000 	C:\Program Files\Android\Android Studio\jre\jre\bin\zip.dll
0x00007ffcf0e90000 - 0x00007ffcf2382000 	C:\Windows\System32\SHELL32.dll
0x00007ffcf2820000 - 0x00007ffcf28c8000 	C:\Windows\System32\shcore.dll
0x00007ffcf0000000 - 0x00007ffcf074a000 	C:\Windows\System32\windows.storage.dll
0x00007ffcef9c0000 - 0x00007ffcef9e4000 	C:\Windows\System32\profapi.dll
0x00007ffcef960000 - 0x00007ffcef9bd000 	C:\Windows\System32\powrprof.dll
0x00007ffcf2390000 - 0x00007ffcf23e2000 	C:\Windows\System32\shlwapi.dll
0x00007ffcef9f0000 - 0x00007ffcefa01000 	C:\Windows\System32\kernel.appcore.dll
0x00007ffcefdb0000 - 0x00007ffcefdc7000 	C:\Windows\System32\cryptsp.dll
0x00007ffccbbe0000 - 0x00007ffccbbfa000 	C:\Program Files\Android\Android Studio\jre\jre\bin\net.dll
0x00007ffcef1b0000 - 0x00007ffcef217000 	C:\Windows\system32\mswsock.dll
0x00007ffcdfd10000 - 0x00007ffcdfd21000 	C:\Program Files\Android\Android Studio\jre\jre\bin\nio.dll
0x00007ffcec1c0000 - 0x00007ffcec1de000 	C:\Users\alros\.gradle\native\25\windows-amd64\native-platform.dll
0x00007ffceda20000 - 0x00007ffceda2d000 	C:\Program Files\Android\Android Studio\jre\jre\bin\management.dll
0x00007ffceed30000 - 0x00007ffceed63000 	C:\Windows\system32\rsaenh.dll
0x00007ffcefdd0000 - 0x00007ffcefdf6000 	C:\Windows\System32\bcrypt.dll
0x00007ffcef840000 - 0x00007ffcef868000 	C:\Windows\SYSTEM32\USERENV.dll
0x00007ffcef380000 - 0x00007ffcef38c000 	C:\Windows\SYSTEM32\CRYPTBASE.dll
0x00007ffceeed0000 - 0x00007ffceef0d000 	C:\Windows\SYSTEM32\IPHLPAPI.DLL
0x00007ffcf2f80000 - 0x00007ffcf2f88000 	C:\Windows\System32\NSI.dll
0x00007ffce6540000 - 0x00007ffce6556000 	C:\Windows\SYSTEM32\dhcpcsvc6.DLL
0x00007ffce6960000 - 0x00007ffce697c000 	C:\Windows\SYSTEM32\dhcpcsvc.DLL
0x00007ffceef10000 - 0x00007ffceefd6000 	C:\Windows\SYSTEM32\DNSAPI.dll
0x00007ffcee9b0000 - 0x00007ffcee9e1000 	C:\Windows\SYSTEM32\ntmarta.dll

VM Arguments:
jvm_args: -Xmx1536m -Dfile.encoding=windows-1252 -Duser.country=US -Duser.language=en -Duser.variant 
java_command: org.gradle.launcher.daemon.bootstrap.GradleDaemon 5.1.1
java_class_path (initial): C:\Users\alros\.gradle\wrapper\dists\gradle-5.1.1-all\97z1ksx6lirer3kbvdnh7jtjg\gradle-5.1.1\lib\gradle-launcher-5.1.1.jar
Launcher Type: SUN_STANDARD

Environment Variables:
PATH=C:\Python27\;C:\Python27\Scripts;C:\Program Files (x86)\Common Files\Oracle\Java\javapath;C:\Windows\system32;C:\Windows;C:\Windows\System32\Wbem;C:\Windows\System32\WindowsPowerShell\v1.0\;C:\Windows\System32\OpenSSH\;C:\Program Files\nodejs\;C:\ProgramData\chocolatey\bin;C:\Users\alros\AppData\Local\Microsoft\WindowsApps;C:\Users\alros\AppData\Roaming\npm;C:WindowsSystem32;C:\Users\alros\AppData\Local\Programs\Microsoft VS Code\bin;C:\adb;C:\Program Files\Git\cmd;C:\Users\alros\AppData\Local\Microsoft\WindowsApps;C:\Users\alros\AppData\Roaming\npm;"C:WindowsSystem32;";C:\Users\alros\AppData\Local\Programs\Microsoft VS Code\bin;C:\Users\alros\AppData\Local\GitHubDesktop\bin
USERNAME=alros
OS=Windows_NT
PROCESSOR_IDENTIFIER=Intel64 Family 6 Model 37 Stepping 5, GenuineIntel



---------------  S Y S T E M  ---------------

OS: Windows 10.0 , 64 bit Build 17763 (10.0.17763.475)

CPU:total 4 (initial active 4) (2 cores per cpu, 2 threads per core) family 6 model 37 stepping 5, cmov, cx8, fxsr, mmx, sse, sse2, sse3, ssse3, sse4.1, sse4.2, popcnt, ht, tsc, tscinvbit

Memory: 4k page, physical 6084460k(439200k free), swap 6084460k(6060k free)

vm_info: OpenJDK 64-Bit Server VM (25.202-b03) for windows-amd64 JRE (1.8.0_202-release-1483-b03), built by "builder" with MS VC++ 10.0 (VS2010)

time: Fri Oct 04 08:53:45 2019
timezone: SE Asia Standard Time
elapsed time: 4511 seconds (0d 1h 15m 11s)

