#
# There is insufficient memory for the Java Runtime Environment to continue.
# Native memory allocation (malloc) failed to allocate 1712176 bytes for Chunk::new
# Possible reasons:
#   The system is out of physical RAM or swap space
#   The process is running with CompressedOops enabled, and the Java Heap may be blocking the growth of the native heap
# Possible solutions:
#   Reduce memory load on the system
#   Increase physical memory or swap space
#   Check if swap backing store is full
#   Decrease Java heap size (-Xmx/-Xms)
#   Decrease number of Java threads
#   Decrease Java thread stack sizes (-Xss)
#   Set larger code cache with -XX:ReservedCodeCacheSize=
#   JVM is running with Unscaled Compressed Oops mode in which the Java heap is
#     placed in the first 4GB address space. The Java Heap base address is the
#     maximum limit for the native heap growth. Please use -XX:HeapBaseMinAddress
#     to set the Java Heap base and to place the Java Heap above 4GB virtual address.
# This output file may be truncated or incomplete.
#
#  Out of Memory Error (allocation.cpp:389), pid=7580, tid=0x0000000000001630
#
# JRE version: OpenJDK Runtime Environment (8.0_202-b03) (build 1.8.0_202-release-1483-b03)
# Java VM: OpenJDK 64-Bit Server VM (25.202-b03 mixed mode windows-amd64 compressed oops)
# Failed to write core dump. Minidumps are not enabled by default on client versions of Windows
#

---------------  T H R E A D  ---------------

Current thread (0x0000000016397800):  JavaThread "C2 CompilerThread0" daemon [_thread_in_native, id=5680, stack(0x00000000179f0000,0x0000000017af0000)]

Stack: [0x00000000179f0000,0x0000000017af0000]
[error occurred during error reporting (printing stack bounds), id 0xc0000005]

Native frames: (J=compiled Java code, j=interpreted, Vv=VM code, C=native code)


Current CompileTask:
C2:2059443 21396       4       org.gradle.execution.plan.DefaultPlanExecutor$ExecutorWorker$2::transform (9 bytes)


---------------  P R O C E S S  ---------------

Java Threads: ( => current thread )
  0x000000001d2b3800 JavaThread "Cache worker for execution history cache (C:\Users\alros\AndroidStudioProjects\WatchMeFinal\.gradle\5.4.1\executionHistory)" [_thread_blocked, id=8764, stack(0x000000002ec60000,0x000000002ed60000)]
  0x000000001d2b4800 JavaThread "Execution worker for ':' Thread 3" [_thread_blocked, id=1136, stack(0x000000002eb60000,0x000000002ec60000)]
  0x000000001d2b6000 JavaThread "Execution worker for ':' Thread 2" [_thread_in_native, id=1348, stack(0x000000002ea60000,0x000000002eb60000)]
  0x000000001d2b0800 JavaThread "Execution worker for ':'" [_thread_blocked, id=7616, stack(0x000000002e960000,0x000000002ea60000)]
  0x000000001d2b3000 JavaThread "Cache worker for file content cache (C:\Users\alros\AndroidStudioProjects\WatchMeFinal\.gradle\5.4.1\fileContent)" [_thread_blocked, id=8332, stack(0x000000002e860000,0x000000002e960000)]
  0x000000001d547800 JavaThread "Cache worker for Build Output Cleanup Cache (C:\Users\alros\AndroidStudioProjects\WatchMeFinal\.gradle\buildOutputCleanup)" [_thread_blocked, id=1792, stack(0x000000002e760000,0x000000002e860000)]
  0x000000001d546800 JavaThread "Build operations Thread 4" [_thread_blocked, id=1128, stack(0x000000002e660000,0x000000002e760000)]
  0x000000001d548000 JavaThread "Build operations Thread 3" [_thread_blocked, id=1380, stack(0x000000002e560000,0x000000002e660000)]
  0x000000001d54b000 JavaThread "Build operations Thread 2" [_thread_blocked, id=7960, stack(0x000000002e460000,0x000000002e560000)]
  0x000000001d544800 JavaThread "Build operations" [_thread_blocked, id=8696, stack(0x000000002e360000,0x000000002e460000)]
  0x000000001d54a800 JavaThread "Cache worker for cache directory md-rule (C:\Users\alros\.gradle\caches\5.4.1\md-rule)" [_thread_blocked, id=8040, stack(0x000000002e260000,0x000000002e360000)]
  0x000000001d543800 JavaThread "Cache worker for cache directory md-supplier (C:\Users\alros\.gradle\caches\5.4.1\md-supplier)" [_thread_blocked, id=7480, stack(0x000000002e160000,0x000000002e260000)]
  0x000000001d549800 JavaThread "Cache worker for file hash cache (C:\Users\alros\AndroidStudioProjects\WatchMeFinal\.gradle\5.4.1\fileHashes)" [_thread_blocked, id=7656, stack(0x000000002e060000,0x000000002e160000)]
  0x000000001d53c000 JavaThread "Thread-127" [_thread_blocked, id=2768, stack(0x000000002df60000,0x000000002e060000)]
  0x000000001d542000 JavaThread "Stdin handler" [_thread_blocked, id=1212, stack(0x000000002de60000,0x000000002df60000)]
  0x000000001d541800 JavaThread "Asynchronous log dispatcher for DefaultDaemonConnection: socket connection from /127.0.0.1:49746 to /127.0.0.1:49885" [_thread_blocked, id=3940, stack(0x000000002dd60000,0x000000002de60000)]
  0x000000001d540800 JavaThread "Daemon worker Thread 5" [_thread_blocked, id=1132, stack(0x000000002dc60000,0x000000002dd60000)]
  0x000000001d540000 JavaThread "Cancel handler" [_thread_blocked, id=5372, stack(0x000000002db60000,0x000000002dc60000)]
  0x000000001d53f000 JavaThread "Handler for socket connection from /127.0.0.1:49746 to /127.0.0.1:49885" [_thread_in_native, id=4748, stack(0x000000002da60000,0x000000002db60000)]
  0x000000001d53d800 JavaThread "Daemon Thread 5" [_thread_blocked, id=9032, stack(0x000000002d960000,0x000000002da60000)]
  0x000000001d543000 JavaThread "Cache worker for Java compile cache (C:\Users\alros\.gradle\caches\5.4.1\javaCompile)" [_thread_blocked, id=3244, stack(0x0000000027ac0000,0x0000000027bc0000)]
  0x0000000019248800 JavaThread "Cache worker for file content cache (C:\Users\alros\.gradle\caches\5.4.1\fileContent)" [_thread_blocked, id=7008, stack(0x00000000271c0000,0x00000000272c0000)]
  0x000000001d2bc000 JavaThread "Memory manager" [_thread_blocked, id=3624, stack(0x00000000224e0000,0x00000000225e0000)]
  0x000000001d2b2000 JavaThread "Cache worker for execution history cache (C:\Users\alros\.gradle\caches\5.4.1\executionHistory)" [_thread_blocked, id=6132, stack(0x00000000206e0000,0x00000000207e0000)]
  0x0000000019246000 JavaThread "Cache worker for journal cache (C:\Users\alros\.gradle\caches\journal-1)" [_thread_blocked, id=4804, stack(0x000000001af40000,0x000000001b040000)]
  0x0000000019244000 JavaThread "File lock request listener" [_thread_in_native, id=4752, stack(0x000000001ae40000,0x000000001af40000)]
  0x0000000019243000 JavaThread "Cache worker for file hash cache (C:\Users\alros\.gradle\caches\5.4.1\fileHashes)" [_thread_blocked, id=636, stack(0x000000001ad40000,0x000000001ae40000)]
  0x0000000018c54000 JavaThread "Daemon periodic checks" [_thread_blocked, id=3516, stack(0x000000001a340000,0x000000001a440000)]
  0x0000000018760800 JavaThread "Incoming local TCP Connector on port 49746" [_thread_in_native, id=2656, stack(0x000000001a100000,0x000000001a200000)]
  0x0000000018ae5000 JavaThread "Daemon health stats" [_thread_blocked, id=8660, stack(0x0000000019ac0000,0x0000000019bc0000)]
  0x0000000017cf6000 JavaThread "Service Thread" daemon [_thread_blocked, id=7384, stack(0x00000000180f0000,0x00000000181f0000)]
  0x00000000163eb000 JavaThread "C1 CompilerThread2" daemon [_thread_blocked, id=7520, stack(0x0000000017bf0000,0x0000000017cf0000)]
  0x0000000016393000 JavaThread "C2 CompilerThread1" daemon [_thread_in_native, id=7388, stack(0x0000000017af0000,0x0000000017bf0000)]
=>0x0000000016397800 JavaThread "C2 CompilerThread0" daemon [_thread_in_native, id=5680, stack(0x00000000179f0000,0x0000000017af0000)]
  0x0000000016396000 JavaThread "Attach Listener" daemon [_thread_blocked, id=2852, stack(0x00000000178f0000,0x00000000179f0000)]
  0x0000000016394800 JavaThread "Signal Dispatcher" daemon [_thread_blocked, id=6732, stack(0x00000000177f0000,0x00000000178f0000)]
  0x0000000002a1b000 JavaThread "Finalizer" daemon [_thread_blocked, id=6736, stack(0x00000000175f0000,0x00000000176f0000)]
  0x0000000016379000 JavaThread "Reference Handler" daemon [_thread_blocked, id=7576, stack(0x00000000174f0000,0x00000000175f0000)]
  0x000000000281e800 JavaThread "main" [_thread_blocked, id=7860, stack(0x0000000002820000,0x0000000002920000)]

Other Threads:
  0x0000000016357800 VMThread [stack: 0x00000000173f0000,0x00000000174f0000] [id=7996]
  0x0000000017cf7800 WatcherThread [stack: 0x00000000181f0000,0x00000000182f0000] [id=7588]

VM state:not at safepoint (normal execution)

VM Mutex/Monitor currently owned by a thread: None

heap address: 0x00000000a0000000, size: 1536 MB, Compressed Oops mode: 32-bit
Narrow klass base: 0x0000000000000000, Narrow klass shift: 3
Compressed class space size: 1073741824 Address: 0x0000000100000000

Heap:
 PSYoungGen      total 407040K, used 219518K [0x00000000e0000000, 0x00000000ffc00000, 0x0000000100000000)
  eden space 348160K, 53% used [0x00000000e0000000,0x00000000eb705fb8,0x00000000f5400000)
  from space 58880K, 54% used [0x00000000f5400000,0x00000000f7359c40,0x00000000f8d80000)
  to   space 58880K, 0% used [0x00000000fc280000,0x00000000fc280000,0x00000000ffc00000)
 ParOldGen       total 215040K, used 138394K [0x00000000a0000000, 0x00000000ad200000, 0x00000000e0000000)
  object space 215040K, 64% used [0x00000000a0000000,0x00000000a8726958,0x00000000ad200000)
 Metaspace       used 99668K, capacity 104801K, committed 104980K, reserved 1140736K
  class space    used 12551K, capacity 13519K, committed 13628K, reserved 1048576K

Card table byte_map: [0x0000000011de0000,0x00000000120f0000] byte_map_base: 0x00000000118e0000

Marking Bits: (ParMarkBitMap*) 0x000000006ebe9f30
 Begin Bits: [0x00000000126f0000, 0x0000000013ef0000)
 End Bits:   [0x0000000013ef0000, 0x00000000156f0000)

Polling page: 0x00000000007f0000

CodeCache: size=245760Kb used=57432Kb max_used=57432Kb free=188327Kb
 bounds [0x0000000002a20000, 0x00000000062a0000, 0x0000000011a20000]
 total_blobs=17866 nmethods=16965 adapters=813
 compilation: enabled

Compilation events (10 events):
Event: 2059.146 Thread 0x00000000163eb000 21430       1       org.gradle.internal.execution.history.impl.DefaultAfterPreviousExecutionState::getOriginMetadata (5 bytes)
Event: 2059.146 Thread 0x00000000163eb000 nmethod 21430 0x000000000438e010 code [0x000000000438e160, 0x000000000438e270]
Event: 2059.301 Thread 0x00000000163eb000 21431       1       com.android.sdklib.AndroidVersion::getApiLevel (5 bytes)
Event: 2059.301 Thread 0x00000000163eb000 nmethod 21431 0x000000000438dd50 code [0x000000000438dea0, 0x000000000438dfb0]
Event: 2059.303 Thread 0x00000000163eb000 21432       3       org.gradle.api.internal.artifacts.configurations.DefaultConfiguration::resolveArtifactsIfRequired (53 bytes)
Event: 2059.304 Thread 0x00000000163eb000 nmethod 21432 0x00000000031e9350 code [0x00000000031e94e0, 0x00000000031e98b8]
Event: 2059.305 Thread 0x00000000163eb000 21433       3       org.gradle.api.internal.artifacts.ivyservice.DefaultLenientConfiguration$1::visitArtifacts (93 bytes)
Event: 2059.306 Thread 0x00000000163eb000 nmethod 21433 0x000000000470c450 code [0x000000000470c680, 0x000000000470d198]
Event: 2059.306 Thread 0x00000000163eb000 21434       3       org.gradle.api.internal.artifacts.ivyservice.DefaultLenientConfiguration::access$200 (10 bytes)
Event: 2059.307 Thread 0x00000000163eb000 nmethod 21434 0x00000000031e8cd0 code [0x00000000031e8e60, 0x00000000031e9178]

GC Heap History (10 events):
Event: 1544.747 GC heap before
{Heap before GC invocations=19 (full 4):
 PSYoungGen      total 314368K, used 31726K [0x00000000e0000000, 0x00000000f9180000, 0x0000000100000000)
  eden space 282624K, 0% used [0x00000000e0000000,0x00000000e0000000,0x00000000f1400000)
  from space 31744K, 99% used [0x00000000f1400000,0x00000000f32fb8e0,0x00000000f3300000)
  to   space 55808K, 0% used [0x00000000f5b00000,0x00000000f5b00000,0x00000000f9180000)
 ParOldGen       total 104448K, used 104427K [0x00000000a0000000, 0x00000000a6600000, 0x00000000e0000000)
  object space 104448K, 99% used [0x00000000a0000000,0x00000000a65facd8,0x00000000a6600000)
 Metaspace       used 85185K, capacity 88903K, committed 89108K, reserved 1126400K
  class space    used 10751K, capacity 11530K, committed 11580K, reserved 1048576K
Event: 1546.171 GC heap after
Heap after GC invocations=19 (full 4):
 PSYoungGen      total 314368K, used 15646K [0x00000000e0000000, 0x00000000f9180000, 0x0000000100000000)
  eden space 282624K, 0% used [0x00000000e0000000,0x00000000e0000000,0x00000000f1400000)
  from space 31744K, 49% used [0x00000000f1400000,0x00000000f2347aa0,0x00000000f3300000)
  to   space 55808K, 0% used [0x00000000f5b00000,0x00000000f5b00000,0x00000000f9180000)
 ParOldGen       total 215040K, used 104075K [0x00000000a0000000, 0x00000000ad200000, 0x00000000e0000000)
  object space 215040K, 48% used [0x00000000a0000000,0x00000000a65a2f40,0x00000000ad200000)
 Metaspace       used 85115K, capacity 88711K, committed 89108K, reserved 1126400K
  class space    used 10730K, capacity 11466K, committed 11580K, reserved 1048576K
}
Event: 1553.209 GC heap before
{Heap before GC invocations=20 (full 4):
 PSYoungGen      total 314368K, used 298270K [0x00000000e0000000, 0x00000000f9180000, 0x0000000100000000)
  eden space 282624K, 100% used [0x00000000e0000000,0x00000000f1400000,0x00000000f1400000)
  from space 31744K, 49% used [0x00000000f1400000,0x00000000f2347aa0,0x00000000f3300000)
  to   space 55808K, 0% used [0x00000000f5b00000,0x00000000f5b00000,0x00000000f9180000)
 ParOldGen       total 215040K, used 104075K [0x00000000a0000000, 0x00000000ad200000, 0x00000000e0000000)
  object space 215040K, 48% used [0x00000000a0000000,0x00000000a65a2f40,0x00000000ad200000)
 Metaspace       used 94783K, capacity 99111K, committed 99476K, reserved 1136640K
  class space    used 12058K, capacity 12898K, committed 12988K, reserved 1048576K
Event: 1553.409 GC heap after
Heap after GC invocations=20 (full 4):
 PSYoungGen      total 349696K, used 44256K [0x00000000e0000000, 0x00000000fe500000, 0x0000000100000000)
  eden space 293888K, 0% used [0x00000000e0000000,0x00000000e0000000,0x00000000f1f00000)
  from space 55808K, 79% used [0x00000000f5b00000,0x00000000f8638038,0x00000000f9180000)
  to   space 61440K, 0% used [0x00000000f1f00000,0x00000000f1f00000,0x00000000f5b00000)
 ParOldGen       total 215040K, used 106472K [0x00000000a0000000, 0x00000000ad200000, 0x00000000e0000000)
  object space 215040K, 49% used [0x00000000a0000000,0x00000000a67fa2f8,0x00000000ad200000)
 Metaspace       used 94783K, capacity 99111K, committed 99476K, reserved 1136640K
  class space    used 12058K, capacity 12898K, committed 12988K, reserved 1048576K
}
Event: 1609.816 GC heap before
{Heap before GC invocations=21 (full 4):
 PSYoungGen      total 349696K, used 335874K [0x00000000e0000000, 0x00000000fe500000, 0x0000000100000000)
  eden space 293888K, 99% used [0x00000000e0000000,0x00000000f1cc8940,0x00000000f1f00000)
  from space 55808K, 79% used [0x00000000f5b00000,0x00000000f8638038,0x00000000f9180000)
  to   space 61440K, 0% used [0x00000000f1f00000,0x00000000f1f00000,0x00000000f5b00000)
 ParOldGen       total 215040K, used 106472K [0x00000000a0000000, 0x00000000ad200000, 0x00000000e0000000)
  object space 215040K, 49% used [0x00000000a0000000,0x00000000a67fa2f8,0x00000000ad200000)
 Metaspace       used 96710K, capacity 101407K, committed 101524K, reserved 1138688K
  class space    used 12327K, capacity 13244K, committed 13244K, reserved 1048576K
Event: 1609.973 GC heap after
Heap after GC invocations=21 (full 4):
 PSYoungGen      total 355328K, used 28073K [0x00000000e0000000, 0x00000000fcb00000, 0x0000000100000000)
  eden space 293888K, 0% used [0x00000000e0000000,0x00000000e0000000,0x00000000f1f00000)
  from space 61440K, 45% used [0x00000000f1f00000,0x00000000f3a6a688,0x00000000f5b00000)
  to   space 59904K, 0% used [0x00000000f9080000,0x00000000f9080000,0x00000000fcb00000)
 ParOldGen       total 215040K, used 126852K [0x00000000a0000000, 0x00000000ad200000, 0x00000000e0000000)
  object space 215040K, 58% used [0x00000000a0000000,0x00000000a7be1030,0x00000000ad200000)
 Metaspace       used 96710K, capacity 101407K, committed 101524K, reserved 1138688K
  class space    used 12327K, capacity 13244K, committed 13244K, reserved 1048576K
}
Event: 1616.192 GC heap before
{Heap before GC invocations=22 (full 4):
 PSYoungGen      total 355328K, used 321961K [0x00000000e0000000, 0x00000000fcb00000, 0x0000000100000000)
  eden space 293888K, 100% used [0x00000000e0000000,0x00000000f1f00000,0x00000000f1f00000)
  from space 61440K, 45% used [0x00000000f1f00000,0x00000000f3a6a688,0x00000000f5b00000)
  to   space 59904K, 0% used [0x00000000f9080000,0x00000000f9080000,0x00000000fcb00000)
 ParOldGen       total 215040K, used 126852K [0x00000000a0000000, 0x00000000ad200000, 0x00000000e0000000)
  object space 215040K, 58% used [0x00000000a0000000,0x00000000a7be1030,0x00000000ad200000)
 Metaspace       used 97883K, capacity 102583K, committed 102932K, reserved 1138688K
  class space    used 12419K, capacity 13312K, committed 13372K, reserved 1048576K
Event: 1616.244 GC heap after
Heap after GC invocations=22 (full 4):
 PSYoungGen      total 403968K, used 6640K [0x00000000e0000000, 0x00000000fc700000, 0x0000000100000000)
  eden space 348160K, 0% used [0x00000000e0000000,0x00000000e0000000,0x00000000f5400000)
  from space 55808K, 11% used [0x00000000f9080000,0x00000000f96fc338,0x00000000fc700000)
  to   space 58880K, 0% used [0x00000000f5400000,0x00000000f5400000,0x00000000f8d80000)
 ParOldGen       total 215040K, used 138386K [0x00000000a0000000, 0x00000000ad200000, 0x00000000e0000000)
  object space 215040K, 64% used [0x00000000a0000000,0x00000000a8724958,0x00000000ad200000)
 Metaspace       used 97883K, capacity 102583K, committed 102932K, reserved 1138688K
  class space    used 12419K, capacity 13312K, committed 13372K, reserved 1048576K
}
Event: 1819.018 GC heap before
{Heap before GC invocations=23 (full 4):
 PSYoungGen      total 403968K, used 354800K [0x00000000e0000000, 0x00000000fc700000, 0x0000000100000000)
  eden space 348160K, 100% used [0x00000000e0000000,0x00000000f5400000,0x00000000f5400000)
  from space 55808K, 11% used [0x00000000f9080000,0x00000000f96fc338,0x00000000fc700000)
  to   space 58880K, 0% used [0x00000000f5400000,0x00000000f5400000,0x00000000f8d80000)
 ParOldGen       total 215040K, used 138386K [0x00000000a0000000, 0x00000000ad200000, 0x00000000e0000000)
  object space 215040K, 64% used [0x00000000a0000000,0x00000000a8724958,0x00000000ad200000)
 Metaspace       used 99483K, capacity 104491K, committed 104596K, reserved 1140736K
  class space    used 12541K, capacity 13500K, committed 13500K, reserved 1048576K
Event: 1819.100 GC heap after
Heap after GC invocations=23 (full 4):
 PSYoungGen      total 407040K, used 32103K [0x00000000e0000000, 0x00000000ffc00000, 0x0000000100000000)
  eden space 348160K, 0% used [0x00000000e0000000,0x00000000e0000000,0x00000000f5400000)
  from space 58880K, 54% used [0x00000000f5400000,0x00000000f7359c40,0x00000000f8d80000)
  to   space 58880K, 0% used [0x00000000fc280000,0x00000000fc280000,0x00000000ffc00000)
 ParOldGen       total 215040K, used 138394K [0x00000000a0000000, 0x00000000ad200000, 0x00000000e0000000)
  object space 215040K, 64% used [0x00000000a0000000,0x00000000a8726958,0x00000000ad200000)
 Metaspace       used 99483K, capacity 104491K, committed 104596K, reserved 1140736K
  class space    used 12541K, capacity 13500K, committed 13500K, reserved 1048576K
}

Deoptimization events (10 events):
Event: 1620.653 Thread 0x000000001d2b7800 Uncommon trap: reason=unstable_if action=reinterpret pc=0x00000000050afef8 method=java.math.MutableBigInteger.subtract(Ljava/math/MutableBigInteger;)I @ 48
Event: 1621.140 Thread 0x000000001d542000 Uncommon trap: reason=unstable_if action=reinterpret pc=0x0000000004f04724 method=sun.nio.ch.IOUtil.writeFromNativeBuffer(Ljava/io/FileDescriptor;Ljava/nio/ByteBuffer;JLsun/nio/ch/NativeDispatcher;)I @ 121
Event: 1621.140 Thread 0x000000001d542000 Uncommon trap: reason=unstable_if action=reinterpret pc=0x0000000002eb8c4c method=org.gradle.internal.remote.internal.inet.SocketConnection$SocketOutputStream.writeWithNonBlockingRetry()I @ 41
Event: 1717.621 Thread 0x000000001d2b0800 Uncommon trap: reason=unstable_if action=reinterpret pc=0x000000000544cdcc method=java.lang.Long.getChars(JI[C)V @ 9
Event: 1817.557 Thread 0x000000001d2b1800 Uncommon trap: reason=unstable_if action=reinterpret pc=0x0000000003e2297c method=com.esotericsoftware.kryo.io.Output.writeVarLong(JZ)I @ 55
Event: 1818.429 Thread 0x000000001d2b0800 Uncommon trap: reason=bimorphic action=maybe_recompile pc=0x00000000051d7f7c method=java.io.BufferedOutputStream.flush()V @ 8
Event: 1820.604 Thread 0x000000001d2b0800 Uncommon trap: reason=bimorphic action=maybe_recompile pc=0x000000000570ea00 method=java.util.TimSort.mergeLo(IIII)V @ 189
Event: 1821.500 Thread 0x000000001d543800 Uncommon trap: reason=predicate action=maybe_recompile pc=0x0000000004165778 method=java.util.LinkedList.toArray([Ljava/lang/Object;)[Ljava/lang/Object; @ 45
Event: 1821.649 Thread 0x000000001d2b9800 Uncommon trap: reason=unstable_if action=reinterpret pc=0x000000000483c614 method=org.gradle.internal.remote.internal.inet.SocketConnection$SocketOutputStream.writeWithNonBlockingRetry()I @ 41
Event: 2058.464 Thread 0x000000001d2b6000 Uncommon trap: reason=unstable_if action=reinterpret pc=0x0000000003ec9504 method=java.util.concurrent.locks.LockSupport.unpark(Ljava/lang/Thread;)V @ 1

Classes redefined (0 events):
No events

Internal exceptions (10 events):
Event: 2057.505 Thread 0x000000001d540800 Exception <a 'sun/nio/fs/WindowsException'> (0x00000000e68f52d0) thrown at [D:\src\AOSP-openjdk-cygwin\jdk8u\hotspot\src\share\vm\prims\jni.cpp, line 710]
Event: 2057.506 Thread 0x000000001d540800 Exception <a 'sun/nio/fs/WindowsException'> (0x00000000e68f6280) thrown at [D:\src\AOSP-openjdk-cygwin\jdk8u\hotspot\src\share\vm\prims\jni.cpp, line 710]
Event: 2057.506 Thread 0x000000001d540800 Exception <a 'sun/nio/fs/WindowsException'> (0x00000000e68f8a08) thrown at [D:\src\AOSP-openjdk-cygwin\jdk8u\hotspot\src\share\vm\prims\jni.cpp, line 710]
Event: 2057.507 Thread 0x000000001d540800 Exception <a 'sun/nio/fs/WindowsException'> (0x00000000e68f99f8) thrown at [D:\src\AOSP-openjdk-cygwin\jdk8u\hotspot\src\share\vm\prims\jni.cpp, line 710]
Event: 2057.507 Thread 0x000000001d540800 Exception <a 'sun/nio/fs/WindowsException'> (0x00000000e68fd1b0) thrown at [D:\src\AOSP-openjdk-cygwin\jdk8u\hotspot\src\share\vm\prims\jni.cpp, line 710]
Event: 2057.508 Thread 0x000000001d540800 Exception <a 'sun/nio/fs/WindowsException'> (0x00000000e68fe240) thrown at [D:\src\AOSP-openjdk-cygwin\jdk8u\hotspot\src\share\vm\prims\jni.cpp, line 710]
Event: 2057.508 Thread 0x000000001d540800 Exception <a 'sun/nio/fs/WindowsException'> (0x00000000e6900ab8) thrown at [D:\src\AOSP-openjdk-cygwin\jdk8u\hotspot\src\share\vm\prims\jni.cpp, line 710]
Event: 2057.508 Thread 0x000000001d540800 Exception <a 'sun/nio/fs/WindowsException'> (0x00000000e6901bd0) thrown at [D:\src\AOSP-openjdk-cygwin\jdk8u\hotspot\src\share\vm\prims\jni.cpp, line 710]
Event: 2057.509 Thread 0x000000001d540800 Exception <a 'sun/nio/fs/WindowsException'> (0x00000000e6905798) thrown at [D:\src\AOSP-openjdk-cygwin\jdk8u\hotspot\src\share\vm\prims\jni.cpp, line 710]
Event: 2057.591 Thread 0x000000001d540800 Exception <a 'sun/nio/fs/WindowsException'> (0x00000000e6bccb30) thrown at [D:\src\AOSP-openjdk-cygwin\jdk8u\hotspot\src\share\vm\prims\jni.cpp, line 710]

Events (10 events):
Event: 2058.464 Thread 0x000000001d2b6000 DEOPT UNPACKING pc=0x0000000002a6557b sp=0x000000002eb5d920 mode 2
Event: 2058.650 Executing VM operation: RevokeBias
Event: 2058.650 Executing VM operation: RevokeBias done
Event: 2058.653 Thread 0x000000001d2b3800 Thread added: 0x000000001d2b3800
Event: 2058.671 Executing VM operation: RevokeBias
Event: 2058.671 Executing VM operation: RevokeBias done
Event: 2058.735 Executing VM operation: RevokeBias
Event: 2058.737 Executing VM operation: RevokeBias done
Event: 2058.737 Executing VM operation: RevokeBias
Event: 2058.738 Executing VM operation: RevokeBias done


Dynamic libraries:
0x00007ff7c1d90000 - 0x00007ff7c1dc1000 	C:\Program Files\Android\Android Studio\jre\bin\java.exe
0x00007ffcf38d0000 - 0x00007ffcf3abd000 	C:\Windows\SYSTEM32\ntdll.dll
0x00007ffcf34e0000 - 0x00007ffcf3593000 	C:\Windows\System32\KERNEL32.DLL
0x00007ffcefa10000 - 0x00007ffcefca3000 	C:\Windows\System32\KERNELBASE.dll
0x00007ffcf2ed0000 - 0x00007ffcf2f73000 	C:\Windows\System32\ADVAPI32.dll
0x00007ffcf0dc0000 - 0x00007ffcf0e5e000 	C:\Windows\System32\msvcrt.dll
0x00007ffcf2450000 - 0x00007ffcf24ee000 	C:\Windows\System32\sechost.dll
0x00007ffcf0c30000 - 0x00007ffcf0d52000 	C:\Windows\System32\RPCRT4.dll
0x00007ffcf3170000 - 0x00007ffcf3307000 	C:\Windows\System32\USER32.dll
0x00007ffcefe00000 - 0x00007ffcefe20000 	C:\Windows\System32\win32u.dll
0x00007ffcf2d50000 - 0x00007ffcf2d79000 	C:\Windows\System32\GDI32.dll
0x00007ffcf0930000 - 0x00007ffcf0ac9000 	C:\Windows\System32\gdi32full.dll
0x00007ffcf0ad0000 - 0x00007ffcf0b70000 	C:\Windows\System32\msvcp_win.dll
0x00007ffcefcb0000 - 0x00007ffcefdaa000 	C:\Windows\System32\ucrtbase.dll
0x00007ffce0ca0000 - 0x00007ffce0f19000 	C:\Windows\WinSxS\amd64_microsoft.windows.common-controls_6595b64144ccf1df_6.0.17763.737_none_05b6437c071e554b\COMCTL32.dll
0x00007ffcf24f0000 - 0x00007ffcf281c000 	C:\Windows\System32\combase.dll
0x00007ffcf0860000 - 0x00007ffcf08de000 	C:\Windows\System32\bcryptPrimitives.dll
0x00007ffcf0e60000 - 0x00007ffcf0e8e000 	C:\Windows\System32\IMM32.DLL
0x000000006e260000 - 0x000000006e332000 	C:\Program Files\Android\Android Studio\jre\jre\bin\msvcr100.dll
0x000000006e420000 - 0x000000006ec66000 	C:\Program Files\Android\Android Studio\jre\jre\bin\server\jvm.dll
0x00007ffcf0c20000 - 0x00007ffcf0c28000 	C:\Windows\System32\PSAPI.DLL
0x00007ffce1af0000 - 0x00007ffce1af9000 	C:\Windows\SYSTEM32\WSOCK32.dll
0x00007ffcf35a0000 - 0x00007ffcf360d000 	C:\Windows\System32\WS2_32.dll
0x00007ffced540000 - 0x00007ffced564000 	C:\Windows\SYSTEM32\WINMM.dll
0x00007ffce25d0000 - 0x00007ffce25da000 	C:\Windows\SYSTEM32\VERSION.dll
0x00007ffced510000 - 0x00007ffced53d000 	C:\Windows\SYSTEM32\WINMMBASE.dll
0x00007ffcf08e0000 - 0x00007ffcf092a000 	C:\Windows\System32\cfgmgr32.dll
0x00007ffceda80000 - 0x00007ffceda8f000 	C:\Program Files\Android\Android Studio\jre\jre\bin\verify.dll
0x00007ffceda50000 - 0x00007ffceda79000 	C:\Program Files\Android\Android Studio\jre\jre\bin\java.dll
0x00007ffceda30000 - 0x00007ffceda46000 	C:\Program Files\Android\Android Studio\jre\jre\bin\zip.dll
0x00007ffcf0e90000 - 0x00007ffcf2382000 	C:\Windows\System32\SHELL32.dll
0x00007ffcf2820000 - 0x00007ffcf28c8000 	C:\Windows\System32\shcore.dll
0x00007ffcf0000000 - 0x00007ffcf074a000 	C:\Windows\System32\windows.storage.dll
0x00007ffcef9c0000 - 0x00007ffcef9e4000 	C:\Windows\System32\profapi.dll
0x00007ffcef960000 - 0x00007ffcef9bd000 	C:\Windows\System32\powrprof.dll
0x00007ffcf2390000 - 0x00007ffcf23e2000 	C:\Windows\System32\shlwapi.dll
0x00007ffcef9f0000 - 0x00007ffcefa01000 	C:\Windows\System32\kernel.appcore.dll
0x00007ffcefdb0000 - 0x00007ffcefdc7000 	C:\Windows\System32\cryptsp.dll
0x00007ffccbbe0000 - 0x00007ffccbbfa000 	C:\Program Files\Android\Android Studio\jre\jre\bin\net.dll
0x00007ffcef1b0000 - 0x00007ffcef217000 	C:\Windows\system32\mswsock.dll
0x00007ffcdfd10000 - 0x00007ffcdfd21000 	C:\Program Files\Android\Android Studio\jre\jre\bin\nio.dll
0x00007ffcea340000 - 0x00007ffcea366000 	C:\Users\alros\.gradle\native\29\windows-amd64\native-platform.dll
0x00007ffceda20000 - 0x00007ffceda2d000 	C:\Program Files\Android\Android Studio\jre\jre\bin\management.dll
0x00007ffceed30000 - 0x00007ffceed63000 	C:\Windows\system32\rsaenh.dll
0x00007ffcefdd0000 - 0x00007ffcefdf6000 	C:\Windows\System32\bcrypt.dll
0x00007ffcef840000 - 0x00007ffcef868000 	C:\Windows\SYSTEM32\USERENV.dll
0x00007ffcef380000 - 0x00007ffcef38c000 	C:\Windows\SYSTEM32\CRYPTBASE.dll
0x00007ffceeed0000 - 0x00007ffceef0d000 	C:\Windows\SYSTEM32\IPHLPAPI.DLL
0x00007ffcf2f80000 - 0x00007ffcf2f88000 	C:\Windows\System32\NSI.dll
0x00007ffce6540000 - 0x00007ffce6556000 	C:\Windows\SYSTEM32\dhcpcsvc6.DLL
0x00007ffce6960000 - 0x00007ffce697c000 	C:\Windows\SYSTEM32\dhcpcsvc.DLL
0x00007ffceef10000 - 0x00007ffceefd6000 	C:\Windows\SYSTEM32\DNSAPI.dll

VM Arguments:
jvm_args: -Xmx1536m -Dfile.encoding=windows-1252 -Duser.country=US -Duser.language=en -Duser.variant 
java_command: org.gradle.launcher.daemon.bootstrap.GradleDaemon 5.4.1
java_class_path (initial): C:\Users\alros\.gradle\wrapper\dists\gradle-5.4.1-all\3221gyojl5jsh0helicew7rwx\gradle-5.4.1\lib\gradle-launcher-5.4.1.jar
Launcher Type: SUN_STANDARD

Environment Variables:
PATH=C:\Python27\;C:\Python27\Scripts;C:\Program Files (x86)\Common Files\Oracle\Java\javapath;C:\Windows\system32;C:\Windows;C:\Windows\System32\Wbem;C:\Windows\System32\WindowsPowerShell\v1.0\;C:\Windows\System32\OpenSSH\;C:\Program Files\nodejs\;C:\ProgramData\chocolatey\bin;C:\Users\alros\AppData\Local\Microsoft\WindowsApps;C:\Users\alros\AppData\Roaming\npm;C:WindowsSystem32;C:\Users\alros\AppData\Local\Programs\Microsoft VS Code\bin;C:\adb;C:\Program Files\Git\cmd;C:\Users\alros\AppData\Local\Microsoft\WindowsApps;C:\Users\alros\AppData\Roaming\npm;"C:WindowsSystem32;";C:\Users\alros\AppData\Local\Programs\Microsoft VS Code\bin;C:\Users\alros\AppData\Local\GitHubDesktop\bin
USERNAME=alros
OS=Windows_NT
PROCESSOR_IDENTIFIER=Intel64 Family 6 Model 37 Stepping 5, GenuineIntel



---------------  S Y S T E M  ---------------

OS: Windows 10.0 , 64 bit Build 17763 (10.0.17763.475)

CPU:total 4 (initial active 4) (2 cores per cpu, 2 threads per core) family 6 model 37 stepping 5, cmov, cx8, fxsr, mmx, sse, sse2, sse3, ssse3, sse4.1, sse4.2, popcnt, ht, tsc, tscinvbit

Memory: 4k page, physical 6084460k(474580k free), swap 6084460k(5580k free)

vm_info: OpenJDK 64-Bit Server VM (25.202-b03) for windows-amd64 JRE (1.8.0_202-release-1483-b03), built by "builder" with MS VC++ 10.0 (VS2010)

time: Fri Oct 04 08:13:11 2019
timezone: SE Asia Standard Time
elapsed time: 2059 seconds (0d 0h 34m 19s)

